#
# A fatal error has been detected by the Java Runtime Environment:
#
#  SIGSEGV (0xb) at pc=0x00007f142d05b4ba, pid=1836, tid=139724218693376
#
# JRE version: OpenJDK Runtime Environment (7.0_79-b14) (build 1.7.0_79-b14)
# Java VM: OpenJDK 64-Bit Server VM (24.79-b02 mixed mode linux-amd64 compressed oops)
# Derivative: IcedTea 2.5.5
# Distribution: Ubuntu 14.04 LTS, package 7u79-2.5.5-0ubuntu0.14.04.2
# Problematic frame:
# v  ~BufferBlob::jni_fast_GetLongField
#
# Failed to write core dump. Core dumps have been disabled. To enable core dumping, try "ulimit -c unlimited" before starting Java again
#
# If you would like to submit a bug report, please include
# instructions on how to reproduce the bug and visit:
#   http://icedtea.classpath.org/bugzilla
# The crash happened outside the Java Virtual Machine in native code.
# See problematic frame for where to report the bug.
#

---------------  T H R E A D  ---------------

Current thread (0x00007f143028e800):  JavaThread "AWT-XAWT" daemon [_thread_in_native, id=1860, stack(0x00007f14145bf000,0x00007f14146c0000)]

siginfo:si_signo=SIGSEGV: si_errno=0, si_code=1 (SEGV_MAPERR), si_addr=0x0000000000000000

Registers:
RAX=0x00007f1438fe5080, RBX=0x00007f143028e9d8, RCX=0x00007f143945c320, RDX=0x0000000000000042
RSP=0x00007f14146be7f8, RBP=0x00007f14146be820, RSI=0x0000000000000000, RDI=0x00007f143028e9d8
R8 =0x00000000ee1bd4e8, R9 =0x0000000000000000, R10=0x00000000000000b6, R11=0x00007f1438a842c0
R12=0x00007f13ac00cdb0, R13=0x0000000000000000, R14=0x00007f1424b63d80, R15=0x00007f143028e800
RIP=0x00007f142d05b4ba, EFLAGS=0x0000000000010246, CSGSFS=0x0000000000000033, ERR=0x0000000000000004
  TRAPNO=0x000000000000000e

Top of Stack: (sp=0x00007f14146be7f8)
0x00007f14146be7f8:   00007f14249356f4 00000000ba0d2dc8
0x00007f14146be808:   00007f13ac00cdb0 00000000ba0d2dc8
0x00007f14146be818:   00007f14146be908 0000000000000000
0x00007f14146be828:   00007f1424433ae8 00000000ba0d2dc8
0x00007f14146be838:   00007f14146be860 0000000000000000
0x00007f14146be848:   00007f142442b9a3 00000000ba0d2dc8
0x00007f14146be858:   00007f142492a20f 00007f14146be8d0
0x00007f14146be868:   00007f142d012d98 00007f142d006233
0x00007f14146be878:   0000000000000000 00000000ee1d8250
0x00007f14146be888:   0000000000000000 00007f14146be890
0x00007f14146be898:   0000000000000000 00007f14146be908
0x00007f14146be8a8:   00000000ba0d8f50 0000000000000000
0x00007f14146be8b8:   00000000ba0d2dc8 0000000000000000
0x00007f14146be8c8:   00007f14146be8f0 00007f14146be950
0x00007f14146be8d8:   00007f142d006350 00000000c4156c90
0x00007f14146be8e8:   00007f142d00ecc0 0000000000000000
0x00007f14146be8f8:   00007f14146be950 00007f13d8002dc0
0x00007f14146be908:   00000000ee1b54d0 00007f14146be910
0x00007f14146be918:   00000000ba20b2dc 00007f14146be998
0x00007f14146be928:   00000000ba218120 00000000bad67158
0x00007f14146be938:   00000000ba20b470 00007f14146be8f0
0x00007f14146be948:   00007f14146be990 00007f14146be9e0
0x00007f14146be958:   00007f142d006058 0000000000000000
0x00007f14146be968:   00000000ee0817f0 0000000000000000
0x00007f14146be978:   0000000000000000 0000000000000000
0x00007f14146be988:   00000000ee1b54d0 0000000000000000
0x00007f14146be998:   00000000ee1b5470 00007f14146be9a0
0x00007f14146be9a8:   00000000ba20b0d5 00007f14146be9f0
0x00007f14146be9b8:   00000000ba218120 0000000000000000
0x00007f14146be9c8:   00000000ba20b0f0 00007f14146be990
0x00007f14146be9d8:   00007f14146be9f0 00007f14146bea38
0x00007f14146be9e8:   00007f142d006706 00000000ee1b5470 

Instructions: (pc=0x00007f142d05b4ba)
0x00007f142d05b49a:   00 00 00 00 00 00 44 8b 15 bd 43 fb 0b 4c 8b ce
0x00007f142d05b4aa:   41 f6 c2 01 0f 85 2e 00 00 00 4d 33 ca 4d 33 ca
0x00007f142d05b4ba:   4d 8b 09 4c 8b da 49 c1 eb 02 4b 8b 04 19 49 bb
0x00007f142d05b4ca:   64 f8 00 39 14 7f 00 00 4c 33 d8 4c 33 d8 45 3b 

Register to memory mapping:

RAX=0x00007f1438fe5080: <offset 0xdbe080> in /usr/lib/jvm/java-7-openjdk-amd64/jre/lib/amd64/server/libjvm.so at 0x00007f1438227000
RBX=0x00007f143028e9d8 is an unknown value
RCX=0x00007f143945c320: <offset 0x219320> in /lib/x86_64-linux-gnu/libpthread.so.0 at 0x00007f1439243000
RDX=0x0000000000000042 is an unknown value
RSP=0x00007f14146be7f8 is pointing into the stack for thread: 0x00007f143028e800
RBP=0x00007f14146be820 is pointing into the stack for thread: 0x00007f143028e800
RSI=0x0000000000000000 is an unknown value
RDI=0x00007f143028e9d8 is an unknown value
R8 =0x00000000ee1bd4e8 is an oop
java.util.logging.Level 
 - klass: 'java/util/logging/Level'
R9 =0x0000000000000000 is an unknown value
R10=0x00000000000000b6 is an unknown value
R11=0x00007f1438a842c0: <offset 0x85d2c0> in /usr/lib/jvm/java-7-openjdk-amd64/jre/lib/amd64/server/libjvm.so at 0x00007f1438227000
R12=0x00007f13ac00cdb0 is an unknown value
R13=0x0000000000000000 is an unknown value
R14=0x00007f1424b63d80: <offset 0x24ad80> in /usr/lib/jvm/java-7-openjdk-amd64/jre/lib/amd64/xawt/libmawt.so at 0x00007f1424919000
R15=0x00007f143028e800 is a thread


Stack: [0x00007f14145bf000,0x00007f14146c0000],  sp=0x00007f14146be7f8,  free space=1021k
Native frames: (J=compiled Java code, j=interpreted, Vv=VM code, C=native code)
v  ~BufferBlob::jni_fast_GetLongField

Java frames: (J=compiled Java code, j=interpreted, Vv=VM code)
j  sun.awt.X11.XlibWrapper.XFilterEvent(JJ)Z+0
j  sun.awt.X11.XToolkit.run(Z)V+300
j  sun.awt.X11.XToolkit.run()V+5
j  java.lang.Thread.run()V+11
v  ~StubRoutines::call_stub

---------------  P R O C E S S  ---------------

Java Threads: ( => current thread )
  0x00007f13d0001000 JavaThread "Thread-15" [_thread_in_native, id=3454, stack(0x00007f13c5cbe000,0x00007f13c5dbf000)]
  0x00007f1400001000 JavaThread "SIGTERM handler" daemon [_thread_blocked, id=3453, stack(0x00007f13c5abc000,0x00007f13c5bbd000)]
  0x00007f13b8018800 JavaThread "Container-4-failure-monitor" daemon [_thread_in_native, id=2078, stack(0x00007f13c5bbd000,0x00007f13c5cbe000)]
  0x00007f13b0065000 JavaThread "Container-3-failure-monitor" daemon [_thread_in_native, id=2034, stack(0x00007f13c74a2000,0x00007f13c75a3000)]
  0x00007f13ac056000 JavaThread "Container-1-failure-monitor" daemon [_thread_in_native, id=1937, stack(0x00007f13c62c4000,0x00007f13c63c5000)]
  0x00007f13ac016000 JavaThread "TimerQueue" daemon [_thread_blocked, id=1873, stack(0x00007f13c75a3000,0x00007f13c76a4000)]
  0x00007f143000a000 JavaThread "DestroyJavaVM" [_thread_blocked, id=1841, stack(0x00007f1439d38000,0x00007f1439e39000)]
  0x00007f14302ae000 JavaThread "df" [_thread_blocked, id=1868, stack(0x00007f13c7cfd000,0x00007f13c7dfe000)]
  0x00007f14302bb000 JavaThread "ams" [_thread_blocked, id=1867, stack(0x00007f13c7dfe000,0x00007f13c7eff000)]
  0x00007f14302bc800 JavaThread "Thread-10" [_thread_in_native, id=1866, stack(0x00007f13c7eff000,0x00007f13c8000000)]
  0x00007f143029b000 JavaThread "Deliverer-4" [_thread_blocked, id=1865, stack(0x00007f14140ba000,0x00007f14141bb000)]
  0x00007f1430299000 JavaThread "Deliverer-3" [_thread_blocked, id=1864, stack(0x00007f14141bb000,0x00007f14142bc000)]
  0x00007f143029f800 JavaThread "Deliverer-2" [_thread_blocked, id=1863, stack(0x00007f14142bc000,0x00007f14143bd000)]
  0x00007f143029e800 JavaThread "Deliverer-1" [_thread_blocked, id=1862, stack(0x00007f14143bd000,0x00007f14144be000)]
  0x00007f143029d800 JavaThread "Deliverer-0" [_thread_blocked, id=1861, stack(0x00007f14144be000,0x00007f14145bf000)]
=>0x00007f143028e800 JavaThread "AWT-XAWT" daemon [_thread_in_native, id=1860, stack(0x00007f14145bf000,0x00007f14146c0000)]
  0x00007f143026b000 JavaThread "Java2D Disposer" daemon [_thread_blocked, id=1859, stack(0x00007f14240c7000,0x00007f14241c8000)]
  0x00007f14301b7800 JavaThread "Thread-4" [_thread_in_native, id=1858, stack(0x00007f1424e36000,0x00007f1424f37000)]
  0x00007f14301af000 JavaThread "Thread-3" [_thread_blocked, id=1857, stack(0x00007f1424f37000,0x00007f1425038000)]
  0x00007f14301ad800 JavaThread "JICPServer-8282" daemon [_thread_in_native, id=1856, stack(0x00007f1425038000,0x00007f1425139000)]
  0x00007f1430196800 JavaThread "JADE Timer dispatcher" [_thread_blocked, id=1855, stack(0x00007f1425139000,0x00007f142523a000)]
  0x00007f14300af000 JavaThread "Service Thread" daemon [_thread_blocked, id=1852, stack(0x00007f142cdfe000,0x00007f142ceff000)]
  0x00007f14300ad000 JavaThread "C2 CompilerThread1" daemon [_thread_blocked, id=1851, stack(0x00007f142ceff000,0x00007f142d000000)]
  0x00007f14300aa000 JavaThread "C2 CompilerThread0" daemon [_thread_blocked, id=1850, stack(0x00007f14340ed000,0x00007f14341ee000)]
  0x00007f14300a8000 JavaThread "Signal Dispatcher" daemon [_thread_blocked, id=1849, stack(0x00007f14341ee000,0x00007f14342ef000)]
  0x00007f143007c000 JavaThread "Finalizer" daemon [_thread_blocked, id=1848, stack(0x00007f14349d2000,0x00007f1434ad3000)]
  0x00007f143007a000 JavaThread "Reference Handler" daemon [_thread_blocked, id=1847, stack(0x00007f1434ad3000,0x00007f1434bd4000)]

Other Threads:
  0x00007f1430075800 VMThread [stack: 0x00007f1434bd4000,0x00007f1434cd5000] [id=1846]
  0x00007f14300ba000 WatcherThread [stack: 0x00007f142ccfd000,0x00007f142cdfe000] [id=1853]

VM state:not at safepoint (normal execution)

VM Mutex/Monitor currently owned by a thread: None

Heap
 PSYoungGen      total 33280K, used 25975K [0x00000000ec000000, 0x00000000ee300000, 0x0000000100000000)
  eden space 30720K, 76% used [0x00000000ec000000,0x00000000ed6e5ba0,0x00000000ede00000)
  from space 2560K, 98% used [0x00000000ee080000,0x00000000ee2f8060,0x00000000ee300000)
  to   space 2560K, 0% used [0x00000000ede00000,0x00000000ede00000,0x00000000ee080000)
 ParOldGen       total 40960K, used 2238K [0x00000000c4000000, 0x00000000c6800000, 0x00000000ec000000)
  object space 40960K, 5% used [0x00000000c4000000,0x00000000c422f998,0x00000000c6800000)
 PSPermGen       total 21504K, used 20126K [0x00000000b9a00000, 0x00000000baf00000, 0x00000000c4000000)
  object space 21504K, 93% used [0x00000000b9a00000,0x00000000bada7ab0,0x00000000baf00000)

Card table byte_map: [0x00007f1436746000,0x00007f143697a000] byte_map_base: 0x00007f1436179000

Polling page: 0x00007f1439e57000

Code Cache  [0x00007f142d000000, 0x00007f142d270000, 0x00007f1430000000)
 total_blobs=697 nmethods=192 adapters=458 free_code_cache=48171Kb largest_free_block=49296896

Compilation events (10 events):
Event: 306,199 Thread 0x00007f14300ad000  197             java.lang.AbstractStringBuilder::append (29 bytes)
Event: 306,200 Thread 0x00007f14300aa000  198             jade.content.lang.sl.SimpleSLTokenizer::isAWord (85 bytes)
Event: 306,203 Thread 0x00007f14300ad000 nmethod 197 0x00007f142d0fa950 code [0x00007f142d0faaa0, 0x00007f142d0fadd8]
Event: 306,207 Thread 0x00007f14300aa000 nmethod 198 0x00007f142d0f73d0 code [0x00007f142d0f7520, 0x00007f142d0f7898]
Event: 3111,169 Thread 0x00007f14300ad000  200   !         sun.awt.X11.XToolkit::callTimeoutTasks (220 bytes)
Event: 3111,178 Thread 0x00007f14300ad000 nmethod 200 0x00007f142d080e50 code [0x00007f142d080fe0, 0x00007f142d081238]
Event: 17723,216 Thread 0x00007f14300aa000  201             java.lang.reflect.Method::getName (5 bytes)
Event: 17723,217 Thread 0x00007f14300aa000 nmethod 201 0x00007f142d0ecc10 code [0x00007f142d0ecd40, 0x00007f142d0ecd98]
Event: 18119,588 Thread 0x00007f14300ad000  202   !         sun.awt.X11.XToolkit::getNextTaskTime (55 bytes)
Event: 18119,598 Thread 0x00007f14300ad000 nmethod 202 0x00007f142d0eedd0 code [0x00007f142d0eef60, 0x00007f142d0ef270]

GC Heap History (4 events):
Event: 0,485 GC heap before
{Heap before GC invocations=1 (full 0):
 PSYoungGen      total 17920K, used 15360K [0x00000000ec000000, 0x00000000ed400000, 0x0000000100000000)
  eden space 15360K, 100% used [0x00000000ec000000,0x00000000ecf00000,0x00000000ecf00000)
  from space 2560K, 0% used [0x00000000ed180000,0x00000000ed180000,0x00000000ed400000)
  to   space 2560K, 0% used [0x00000000ecf00000,0x00000000ecf00000,0x00000000ed180000)
 ParOldGen       total 40960K, used 0K [0x00000000c4000000, 0x00000000c6800000, 0x00000000ec000000)
  object space 40960K, 0% used [0x00000000c4000000,0x00000000c4000000,0x00000000c6800000)
 PSPermGen       total 21504K, used 11375K [0x00000000b9a00000, 0x00000000baf00000, 0x00000000c4000000)
  object space 21504K, 52% used [0x00000000b9a00000,0x00000000ba51bdc0,0x00000000baf00000)
Event: 0,491 GC heap after
Heap after GC invocations=1 (full 0):
 PSYoungGen      total 17920K, used 2545K [0x00000000ec000000, 0x00000000ee300000, 0x0000000100000000)
  eden space 15360K, 0% used [0x00000000ec000000,0x00000000ec000000,0x00000000ecf00000)
  from space 2560K, 99% used [0x00000000ecf00000,0x00000000ed17c700,0x00000000ed180000)
  to   space 2560K, 0% used [0x00000000ee080000,0x00000000ee080000,0x00000000ee300000)
 ParOldGen       total 40960K, used 977K [0x00000000c4000000, 0x00000000c6800000, 0x00000000ec000000)
  object space 40960K, 2% used [0x00000000c4000000,0x00000000c40f46e8,0x00000000c6800000)
 PSPermGen       total 21504K, used 11375K [0x00000000b9a00000, 0x00000000baf00000, 0x00000000c4000000)
  object space 21504K, 52% used [0x00000000b9a00000,0x00000000ba51bdc0,0x00000000baf00000)
}
Event: 1,154 GC heap before
{Heap before GC invocations=2 (full 0):
 PSYoungGen      total 17920K, used 17905K [0x00000000ec000000, 0x00000000ee300000, 0x0000000100000000)
  eden space 15360K, 100% used [0x00000000ec000000,0x00000000ecf00000,0x00000000ecf00000)
  from space 2560K, 99% used [0x00000000ecf00000,0x00000000ed17c700,0x00000000ed180000)
  to   space 2560K, 0% used [0x00000000ee080000,0x00000000ee080000,0x00000000ee300000)
 ParOldGen       total 40960K, used 977K [0x00000000c4000000, 0x00000000c6800000, 0x00000000ec000000)
  object space 40960K, 2% used [0x00000000c4000000,0x00000000c40f46e8,0x00000000c6800000)
 PSPermGen       total 21504K, used 18623K [0x00000000b9a00000, 0x00000000baf00000, 0x00000000c4000000)
  object space 21504K, 86% used [0x00000000b9a00000,0x00000000bac2fe60,0x00000000baf00000)
Event: 1,163 GC heap after
Heap after GC invocations=2 (full 0):
 PSYoungGen      total 33280K, used 2528K [0x00000000ec000000, 0x00000000ee300000, 0x0000000100000000)
  eden space 30720K, 0% used [0x00000000ec000000,0x00000000ec000000,0x00000000ede00000)
  from space 2560K, 98% used [0x00000000ee080000,0x00000000ee2f8060,0x00000000ee300000)
  to   space 2560K, 0% used [0x00000000ede00000,0x00000000ede00000,0x00000000ee080000)
 ParOldGen       total 40960K, used 2238K [0x00000000c4000000, 0x00000000c6800000, 0x00000000ec000000)
  object space 40960K, 5% used [0x00000000c4000000,0x00000000c422f998,0x00000000c6800000)
 PSPermGen       total 21504K, used 18623K [0x00000000b9a00000, 0x00000000baf00000, 0x00000000c4000000)
  object space 21504K, 86% used [0x00000000b9a00000,0x00000000bac2fe60,0x00000000baf00000)
}

Deoptimization events (10 events):
Event: 0,960 Thread 0x00007f14302e8800 Uncommon trap: reason=unloaded action=reinterpret pc=0x00007f142d09e3d8 method=java.nio.Buffer.nextGetIndex()I @ 11
Event: 0,960 Thread 0x00007f14302e8800 Uncommon trap: reason=unloaded action=reinterpret pc=0x00007f142d0a460c method=sun.font.Type1Font.nextTokenType(Ljava/nio/ByteBuffer;)I @ 51
Event: 1,117 Thread 0x00007f14302e8800 Uncommon trap: reason=unloaded action=reinterpret pc=0x00007f142d08d8f8 method=java.lang.CharacterData.of(I)Ljava/lang/CharacterData; @ 96
Event: 1,215 Thread 0x00007f13b0065000 Uncommon trap: reason=unreached action=reinterpret pc=0x00007f142d0b3294 method=java.lang.ThreadLocal$ThreadLocalMap.getEntry(Ljava/lang/ThreadLocal;)Ljava/lang/ThreadLocal$ThreadLocalMap$Entry; @ 21
Event: 1,232 Thread 0x00007f13b0065000 Uncommon trap: reason=unreached action=reinterpret pc=0x00007f142d0b2ac0 method=java.lang.ThreadLocal$ThreadLocalMap.getEntry(Ljava/lang/ThreadLocal;)Ljava/lang/ThreadLocal$ThreadLocalMap$Entry; @ 21
Event: 1,504 Thread 0x00007f1430299000 Uncommon trap: reason=unreached action=reinterpret pc=0x00007f142d0c077c method=java.lang.ThreadLocal.get()Ljava/lang/Object; @ 11
Event: 82,742 Thread 0x00007f13e8004800 Uncommon trap: reason=unreached action=reinterpret pc=0x00007f142d0b2ebc method=java.lang.ThreadLocal$ThreadLocalMap.getEntry(Ljava/lang/ThreadLocal;)Ljava/lang/ThreadLocal$ThreadLocalMap$Entry; @ 21
Event: 243,586 Thread 0x00007f13b40a7800 Uncommon trap: reason=class_check action=maybe_recompile pc=0x00007f142d0c25d4 method=java.util.HashMap.put(Ljava/lang/Object;Ljava/lang/Object;)Ljava/lang/Object; @ 83
Event: 243,590 Thread 0x00007f14302bb000 Uncommon trap: reason=class_check action=maybe_recompile pc=0x00007f142d0c25d4 method=java.util.HashMap.put(Ljava/lang/Object;Ljava/lang/Object;)Ljava/lang/Object; @ 83
Event: 243,595 Thread 0x00007f14302bb000 Uncommon trap: reason=class_check action=maybe_recompile pc=0x00007f142d0c25d4 method=java.util.HashMap.put(Ljava/lang/Object;Ljava/lang/Object;)Ljava/lang/Object; @ 83

Internal exceptions (10 events):
Event: 306,201 Thread 0x00007f14302e8800 Threw 0x00000000ed4029b8 at /build/buildd/openjdk-7-7u79-2.5.5/build/openjdk/hotspot/src/share/vm/interpreter/interpreterRuntime.cpp:373
Event: 17720,158 Thread 0x00007f14302e8800 Threw 0x00000000ed41ac00 at /build/buildd/openjdk-7-7u79-2.5.5/build/openjdk/hotspot/src/share/vm/runtime/objectMonitor.cpp:1648
Event: 17720,158 Thread 0x00007f14302e8800 Threw 0x00000000ed41cb70 at /build/buildd/openjdk-7-7u79-2.5.5/build/openjdk/hotspot/src/share/vm/prims/jvm.cpp:1284
Event: 17723,209 Thread 0x00007f14302ea000 Threw 0x00000000ed1f55c0 at /build/buildd/openjdk-7-7u79-2.5.5/build/openjdk/hotspot/src/share/vm/runtime/objectMonitor.cpp:1648
Event: 17723,212 Thread 0x00007f14302ae000 Threw 0x00000000ed4cf3a0 at /build/buildd/openjdk-7-7u79-2.5.5/build/openjdk/hotspot/src/share/vm/interpreter/interpreterRuntime.cpp:373
Event: 17723,213 Thread 0x00007f14302ae000 Threw 0x00000000ed4d00e8 at /build/buildd/openjdk-7-7u79-2.5.5/build/openjdk/hotspot/src/share/vm/interpreter/interpreterRuntime.cpp:373
Event: 17723,215 Thread 0x00007f14302ae000 Threw 0x00000000ed6954f8 at /build/buildd/openjdk-7-7u79-2.5.5/build/openjdk/hotspot/src/share/vm/interpreter/linkResolver.cpp:981
Event: 17846,007 Thread 0x00007f13d0001000 Threw 0x00000000ed65ea48 at /build/buildd/openjdk-7-7u79-2.5.5/build/openjdk/hotspot/src/share/vm/prims/jni.cpp:721
Event: 17973,239 Thread 0x00007f13d0001000 Threw 0x00000000ed660060 at /build/buildd/openjdk-7-7u79-2.5.5/build/openjdk/hotspot/src/share/vm/prims/jni.cpp:721
Event: 18100,471 Thread 0x00007f13d0001000 Threw 0x00000000ed661ec8 at /build/buildd/openjdk-7-7u79-2.5.5/build/openjdk/hotspot/src/share/vm/prims/jni.cpp:721

Events (10 events):
Event: 17724,236 loading class 0x00007f13f801e9e0
Event: 17724,236 loading class 0x00007f13f801e9e0 done
Event: 17724,236 loading class 0x00007f14041014c0
Event: 17724,237 loading class 0x00007f14041014c0 done
Event: 17724,237 Thread 0x00007f13b4010000 Thread exited: 0x00007f13b4010000
Event: 17724,238 Thread 0x00007f13b40a7800 Thread exited: 0x00007f13b40a7800
Event: 17846,007 loading class 0x00007f13c80008c0
Event: 17846,007 loading class 0x00007f13c80008c0 done
Event: 18218,001 loading class 0x00007f13f8093a90
Event: 18218,001 loading class 0x00007f13f8093a90 done


Dynamic libraries:
00400000-00401000 r-xp 00000000 08:02 19535922                           /usr/lib/jvm/java-7-openjdk-amd64/jre/bin/java
00600000-00601000 r--p 00000000 08:02 19535922                           /usr/lib/jvm/java-7-openjdk-amd64/jre/bin/java
00601000-00602000 rw-p 00001000 08:02 19535922                           /usr/lib/jvm/java-7-openjdk-amd64/jre/bin/java
01a60000-01a81000 rw-p 00000000 00:00 0                                  [heap]
b9a00000-baf00000 rw-p 00000000 00:00 0 
baf00000-c4000000 rw-p 00000000 00:00 0 
c4000000-c6800000 rw-p 00000000 00:00 0 
c6800000-ec000000 rw-p 00000000 00:00 0 
ec000000-ee300000 rw-p 00000000 00:00 0 
ee300000-100000000 rw-p 00000000 00:00 0 
7f13a8000000-7f13a8021000 rw-p 00000000 00:00 0 
7f13a8021000-7f13ac000000 ---p 00000000 00:00 0 
7f13ac000000-7f13ac065000 rw-p 00000000 00:00 0 
7f13ac065000-7f13b0000000 ---p 00000000 00:00 0 
7f13b0000000-7f13b0145000 rw-p 00000000 00:00 0 
7f13b0145000-7f13b4000000 ---p 00000000 00:00 0 
7f13b4000000-7f13b40d0000 rw-p 00000000 00:00 0 
7f13b40d0000-7f13b8000000 ---p 00000000 00:00 0 
7f13b8000000-7f13b8038000 rw-p 00000000 00:00 0 
7f13b8038000-7f13bc000000 ---p 00000000 00:00 0 
7f13bc000000-7f13bc031000 rw-p 00000000 00:00 0 
7f13bc031000-7f13c0000000 ---p 00000000 00:00 0 
7f13c0000000-7f13c0021000 rw-p 00000000 00:00 0 
7f13c0021000-7f13c4000000 ---p 00000000 00:00 0 
7f13c5abc000-7f13c5abf000 ---p 00000000 00:00 0 
7f13c5abf000-7f13c5bbd000 rw-p 00000000 00:00 0                          [stack:3453]
7f13c5bbd000-7f13c5bc0000 ---p 00000000 00:00 0 
7f13c5bc0000-7f13c5cbe000 rw-p 00000000 00:00 0                          [stack:2078]
7f13c5cbe000-7f13c5cc1000 ---p 00000000 00:00 0 
7f13c5cc1000-7f13c5dbf000 rw-p 00000000 00:00 0                          [stack:3454]
7f13c5dbf000-7f13c5dc2000 ---p 00000000 00:00 0 
7f13c5dc2000-7f13c5ec0000 rw-p 00000000 00:00 0 
7f13c5ec0000-7f13c5ec3000 ---p 00000000 00:00 0 
7f13c5ec3000-7f13c5fc1000 rw-p 00000000 00:00 0 
7f13c5fc1000-7f13c5fc4000 ---p 00000000 00:00 0 
7f13c5fc4000-7f13c60c2000 rw-p 00000000 00:00 0 
7f13c60c2000-7f13c60c5000 ---p 00000000 00:00 0 
7f13c60c5000-7f13c61c3000 rw-p 00000000 00:00 0 
7f13c61c3000-7f13c61c6000 ---p 00000000 00:00 0 
7f13c61c6000-7f13c62c4000 rw-p 00000000 00:00 0 
7f13c62c4000-7f13c62c7000 ---p 00000000 00:00 0 
7f13c62c7000-7f13c63c5000 rw-p 00000000 00:00 0                          [stack:1937]
7f13c63c5000-7f13c63c8000 ---p 00000000 00:00 0 
7f13c63c8000-7f13c64c6000 rw-p 00000000 00:00 0 
7f13c64c6000-7f13c6509000 r-xp 00000000 08:02 19538034                   /usr/lib/x86_64-linux-gnu/libjpeg.so.8.0.2
7f13c6509000-7f13c6709000 ---p 00043000 08:02 19538034                   /usr/lib/x86_64-linux-gnu/libjpeg.so.8.0.2
7f13c6709000-7f13c670a000 r--p 00043000 08:02 19538034                   /usr/lib/x86_64-linux-gnu/libjpeg.so.8.0.2
7f13c670a000-7f13c670b000 rw-p 00044000 08:02 19538034                   /usr/lib/x86_64-linux-gnu/libjpeg.so.8.0.2
7f13c670b000-7f13c671b000 rw-p 00000000 00:00 0 
7f13c671b000-7f13c6725000 r-xp 00000000 08:02 19535977                   /usr/lib/jvm/java-7-openjdk-amd64/jre/lib/amd64/libjavajpeg.so
7f13c6725000-7f13c6924000 ---p 0000a000 08:02 19535977                   /usr/lib/jvm/java-7-openjdk-amd64/jre/lib/amd64/libjavajpeg.so
7f13c6924000-7f13c6925000 r--p 00009000 08:02 19535977                   /usr/lib/jvm/java-7-openjdk-amd64/jre/lib/amd64/libjavajpeg.so
7f13c6925000-7f13c6926000 rw-p 0000a000 08:02 19535977                   /usr/lib/jvm/java-7-openjdk-amd64/jre/lib/amd64/libjavajpeg.so
7f13c6926000-7f13c6941000 r--s 00000000 08:02 21501287                   /usr/share/texmf/fonts/type1/public/lm/lmtcsc10.pfb
7f13c6966000-7f13c6986000 r--s 00000000 08:02 21502641                   /usr/share/texmf/fonts/type1/public/tex-gyre/qtmri.pfb
7f13c6986000-7f13c69a5000 r--s 00000000 08:02 21501290                   /usr/share/texmf/fonts/type1/public/lm/lmvtk10.pfb
7f13c69df000-7f13c69fa000 r--s 00000000 08:02 21501313                   /usr/share/texmf/fonts/type1/public/lm/lmsso10.pfb
7f13c69fa000-7f13c6a19000 r--s 00000000 08:02 21501264                   /usr/share/texmf/fonts/type1/public/lm/lmtto10.pfb
7f13c6a32000-7f13c6a50000 r--s 00000000 08:02 21501260                   /usr/share/texmf/fonts/type1/public/lm/lmr10.pfb
7f13c6a72000-7f13c6a8d000 r--s 00000000 08:02 21502622                   /usr/share/texmf/fonts/type1/public/tex-gyre/qhvri.pfb
7f13c6a96000-7f13c6ab3000 r--s 00000000 08:02 21501306                   /usr/share/texmf/fonts/type1/public/lm/lmvtt10.pfb
7f13c6ad5000-7f13c6af2000 r--s 00000000 08:02 21501316                   /usr/share/texmf/fonts/type1/public/lm/lmssqbx8.pfb
7f13c6b29000-7f13c6b49000 r--s 00000000 08:02 21502638                   /usr/share/texmf/fonts/type1/public/tex-gyre/qbkb.pfb
7f13c6b49000-7f13c6b61000 r--s 00000000 08:02 21501304                   /usr/share/texmf/fonts/type1/public/lm/lmss10.pfb
7f13c6b7c000-7f13c6b86000 r--s 00000000 08:02 20580043                   /usr/share/fonts/X11/Type1/c0582bt_.pfb
7f13c6b86000-7f13c6ba6000 r--s 00000000 08:02 21502635                   /usr/share/texmf/fonts/type1/public/tex-gyre/qcrbi.pfb
7f13c6bc6000-7f13c6be6000 r--s 00000000 08:02 21502632                   /usr/share/texmf/fonts/type1/public/tex-gyre/qcsri.pfb
7f13c6c20000-7f13c6c40000 r--s 00000000 08:02 21502645                   /usr/share/texmf/fonts/type1/public/tex-gyre/qcsb.pfb
7f13c6c62000-7f13c6c86000 r--s 00000000 08:02 21501272                   /usr/share/texmf/fonts/type1/public/lm/lmduno10.pfb
7f13c6caa000-7f13c6cca000 r--s 00000000 08:02 21501342                   /usr/share/texmf/fonts/type1/public/lm/lmtcso10.pfb
7f13c6cca000-7f13c6ce9000 r--s 00000000 08:02 21502621                   /usr/share/texmf/fonts/type1/public/tex-gyre/qcrr.pfb
7f13c6d05000-7f13c6d1e000 r--s 00000000 08:02 21502626                   /usr/share/texmf/fonts/type1/public/tex-gyre/qagri.pfb
7f13c6d81000-7f13c6d9b000 r--s 00000000 08:02 21502653                   /usr/share/texmf/fonts/type1/public/tex-gyre/qhvbi.pfb
7f13c6dbc000-7f13c6dda000 r--s 00000000 08:02 21501302                   /usr/share/texmf/fonts/type1/public/lm/lmssbx10.pfb
7f13c6dda000-7f13c6dfb000 r--s 00000000 08:02 21502643                   /usr/share/texmf/fonts/type1/public/tex-gyre/qcsbi.pfb
7f13c6dfb000-7f13c6e1a000 r--s 00000000 08:02 21502639                   /usr/share/texmf/fonts/type1/public/tex-gyre/qcrri.pfb
7f13c6e46000-7f13c6e69000 r--s 00000000 08:02 21502633                   /usr/share/texmf/fonts/type1/public/tex-gyre/qplbi.pfb
7f13c6e8a000-7f13c6ea9000 r--s 00000000 08:02 21501258                   /usr/share/texmf/fonts/type1/public/lm/lmdunh10.pfb
7f13c6ea9000-7f13c6ec6000 r--s 00000000 08:02 21501294                   /usr/share/texmf/fonts/type1/public/lm/lmssq8.pfb
7f13c6ec6000-7f13c6ee9000 r--s 00000000 08:02 21501308                   /usr/share/texmf/fonts/type1/public/lm/lmtko10.pfb
7f13c6ee9000-7f13c6f0a000 r--s 00000000 08:02 21502623                   /usr/share/texmf/fonts/type1/public/tex-gyre/qtmr.pfb
7f13c6f4c000-7f13c6f68000 r--s 00000000 08:02 21501329                   /usr/share/texmf/fonts/type1/public/lm/lmbxi10.pfb
7f13c6f72000-7f13c6f8e000 r--s 00000000 08:02 21502624                   /usr/share/texmf/fonts/type1/public/tex-gyre/qhvb.pfb
7f13c6f8e000-7f13c6fad000 r--s 00000000 08:02 21501266                   /usr/share/texmf/fonts/type1/public/lm/lmb10.pfb
7f13c7006000-7f13c7026000 r--s 00000000 08:02 21501315                   /usr/share/texmf/fonts/type1/public/lm/lmssqo8.pfb
7f13c7026000-7f13c7047000 r--s 00000000 08:02 21502651                   /usr/share/texmf/fonts/type1/public/tex-gyre/qbkri.pfb
7f13c7047000-7f13c7068000 r--s 00000000 08:02 21501269                   /usr/share/texmf/fonts/type1/public/lm/lmvtto10.pfb
7f13c7088000-7f13c70a8000 r--s 00000000 08:02 21502625                   /usr/share/texmf/fonts/type1/public/tex-gyre/qtmbi.pfb
7f13c70a8000-7f13c70ca000 r--s 00000000 08:02 21502644                   /usr/share/texmf/fonts/type1/public/tex-gyre/qplr.pfb
7f13c70ea000-7f13c7104000 r--s 00000000 08:02 21501278                   /usr/share/texmf/fonts/type1/public/lm/lmtl10.pfb
7f13c7132000-7f13c714d000 r--s 00000000 08:02 21501334                   /usr/share/texmf/fonts/type1/public/lm/lmtlc10.pfb
7f13c718d000-7f13c7197000 r--s 00000000 08:02 20580047                   /usr/share/fonts/X11/Type1/c0611bt_.pfb
7f13c7197000-7f13c71b1000 r--s 00000000 08:02 21502640                   /usr/share/texmf/fonts/type1/public/tex-gyre/qagbi.pfb
7f13c71b1000-7f13c71d3000 r--s 00000000 08:02 21501330                   /usr/share/texmf/fonts/type1/public/lm/lmssbo10.pfb
7f13c7210000-7f13c722a000 r--s 00000000 08:02 21502629                   /usr/share/texmf/fonts/type1/public/tex-gyre/qzcmi.pfb
7f13c723e000-7f13c7247000 r--s 00000000 08:02 24123636                   /usr/share/texlive/texmf-dist/fonts/type1/urw/avantgar/uagd8a.pfb
7f13c7247000-7f13c7250000 r--s 00000000 08:02 24123467                   /usr/share/texlive/texmf-dist/fonts/type1/bitstrea/charter/bchb8a.pfb
7f13c7250000-7f13c725a000 r--s 00000000 08:02 24000466                   /usr/share/texlive/texmf-dist/fonts/type1/urw/helvetic/uhvro8ac.pfb
7f13c7295000-7f13c72a1000 r--s 00000000 08:02 24123604                   /usr/share/texlive/texmf-dist/fonts/type1/urw/ncntrsbk/uncbi8a.pfb
7f13c72a1000-7f13c72ae000 r--s 00000000 08:02 24123618                   /usr/share/texlive/texmf-dist/fonts/type1/urw/palatino/uplr8a.pfb
7f13c72ae000-7f13c72bb000 r--s 00000000 08:02 24123621                   /usr/share/texlive/texmf-dist/fonts/type1/urw/palatino/uplbi8a.pfb
7f13c72bb000-7f13c72c4000 r--s 00000000 08:02 24123635                   /usr/share/texlive/texmf-dist/fonts/type1/urw/avantgar/uagdo8a.pfb
7f13c730d000-7f13c7318000 r--s 00000000 08:02 24123646                   /usr/share/texlive/texmf-dist/fonts/type1/urw/bookman/ubkli8a.pfb
7f13c733a000-7f13c7343000 r--s 00000000 08:02 24123468                   /usr/share/texlive/texmf-dist/fonts/type1/bitstrea/charter/bchr8a.pfb
7f13c7357000-7f13c7361000 r--s 00000000 08:02 24123463                   /usr/share/texlive/texmf-dist/fonts/type1/adobe/utopia/putri8a.pfb
7f13c7390000-7f13c739b000 r--s 00000000 08:02 24123645                   /usr/share/texlive/texmf-dist/fonts/type1/urw/bookman/ubkd8a.pfb
7f13c739b000-7f13c73a4000 r--s 00000000 08:02 24123462                   /usr/share/texlive/texmf-dist/fonts/type1/adobe/utopia/putr8a.pfb
7f13c73af000-7f13c73b8000 r--s 00000000 08:02 24123461                   /usr/share/texlive/texmf-dist/fonts/type1/adobe/utopia/putb8a.pfb
7f13c7410000-7f13c7419000 r--s 00000000 08:02 24123632                   /usr/share/texlive/texmf-dist/fonts/type1/urw/avantgar/uagk8a.pfb
7f13c7422000-7f13c742f000 r--s 00000000 08:02 24123622                   /usr/share/texlive/texmf-dist/fonts/type1/urw/palatino/uplri8a.pfb
7f13c7439000-7f13c743a000 r--s 00000000 08:02 17311411                   /var/cache/fontconfig/087e1975ba9a574b140bb1df193bf770-le64.cache-4
7f13c743a000-7f13c7448000 r--s 00000000 08:02 17311410                   /var/cache/fontconfig/6aa41aa22e18b8fa06a12da28ea9c28b-le64.cache-4
7f13c7448000-7f13c7449000 r--s 00000000 08:02 17301718                   /var/cache/fontconfig/c05880de57d1f5e948fdfacc138775d9-le64.cache-4
7f13c7449000-7f13c7454000 r--s 00000000 08:02 17301712                   /var/cache/fontconfig/945677eb7aeaf62f1d50efc3fb3ec7d8-le64.cache-4
7f13c7454000-7f13c745a000 r--s 00000000 08:02 17301698                   /var/cache/fontconfig/2cd17615ca594fa2959ae173292e504c-le64.cache-4
7f13c745a000-7f13c745b000 r--s 00000000 08:02 17301728                   /var/cache/fontconfig/e7071f4a29fa870f4323321c154eba04-le64.cache-4
7f13c745b000-7f13c745c000 r--s 00000000 08:02 17301695                   /var/cache/fontconfig/0d8c3b2ac0904cb8a57a757ad11a4a08-le64.cache-4
7f13c745c000-7f13c7463000 r--s 00000000 08:02 17301715                   /var/cache/fontconfig/a755afe4a08bf5b97852ceb7400b47bc-le64.cache-4
7f13c7463000-7f13c7477000 r--s 00000000 08:02 17301693                   /var/cache/fontconfig/04aabc0a78ac019cf9454389977116d2-le64.cache-4
7f13c7477000-7f13c7478000 r--s 00000000 08:02 17301697                   /var/cache/fontconfig/1ac9eb803944fde146138c791f5cc56a-le64.cache-4
7f13c7478000-7f13c7479000 r--s 00000000 08:02 17311409                   /var/cache/fontconfig/b95bc8ffbebda2bbdae4265e45b8178d-le64.cache-4
7f13c7479000-7f13c747d000 r--s 00000000 08:02 17301701                   /var/cache/fontconfig/385c0604a188198f04d133e54aba7fe7-le64.cache-4
7f13c747d000-7f13c747e000 r--s 00000000 08:02 17311408                   /var/cache/fontconfig/9c956a7723ca69a44b382d9179c9802f-le64.cache-4
7f13c747e000-7f13c747f000 r--s 00000000 08:02 17301725                   /var/cache/fontconfig/dc05db6664285cc2f12bf69c139ae4c3-le64.cache-4
7f13c747f000-7f13c7480000 r--s 00000000 08:02 17311407                   /var/cache/fontconfig/5d1cca7074f29429a8d18692746c2426-le64.cache-4
7f13c7480000-7f13c7482000 r--s 00000000 08:02 17301709                   /var/cache/fontconfig/767a8244fc0220cfb567a839d0392e0b-le64.cache-4
7f13c7482000-7f13c7483000 r--s 00000000 08:02 17306648                   /var/cache/fontconfig/4794a0821666d79190d59a36cb4f44b5-le64.cache-4
7f13c7483000-7f13c7484000 r--s 00000000 08:02 17311406                   /var/cache/fontconfig/9eae20f1ff8cc0a7d125749e875856bd-le64.cache-4
7f13c7484000-7f13c7486000 r--s 00000000 08:02 17311405                   /var/cache/fontconfig/bf2c1853a9e9b00bb02fe2e9bcf1e201-le64.cache-4
7f13c7486000-7f13c748b000 r--s 00000000 08:02 17301711                   /var/cache/fontconfig/8801497958630a81b71ace7c5f9b32a8-le64.cache-4
7f13c748b000-7f13c7492000 r--s 00000000 08:02 17301699                   /var/cache/fontconfig/3047814df9a2f067bd2d96a2b9c36e5a-le64.cache-4
7f13c7492000-7f13c7496000 r--s 00000000 08:02 17311404                   /var/cache/fontconfig/bf3b770c553c462765856025a94f1ce6-le64.cache-4
7f13c7496000-7f13c7497000 r--s 00000000 08:02 17301705                   /var/cache/fontconfig/56cf4f4769d0f4abc89a4895d7bd3ae1-le64.cache-4
7f13c7497000-7f13c7498000 r--s 00000000 08:02 17301717                   /var/cache/fontconfig/b9d506c9ac06c20b433354fa67a72993-le64.cache-4
7f13c7498000-7f13c749e000 r--s 00000000 08:02 17301716                   /var/cache/fontconfig/b47c4e1ecd0709278f4910c18777a504-le64.cache-4
7f13c749e000-7f13c74a1000 r--s 00000000 08:02 17311403                   /var/cache/fontconfig/14d493b97896515cad3840ba4896e372-le64.cache-4
7f13c74a1000-7f13c74a2000 r--s 00000000 08:02 17311402                   /var/cache/fontconfig/89034621ae2a8922916bb6bfa5799546-le64.cache-4
7f13c74a2000-7f13c74a5000 ---p 00000000 00:00 0 
7f13c74a5000-7f13c75a3000 rw-p 00000000 00:00 0                          [stack:2034]
7f13c75a3000-7f13c75a6000 ---p 00000000 00:00 0 
7f13c75a6000-7f13c76a4000 rw-p 00000000 00:00 0                          [stack:1873]
7f13c76a4000-7f13c76a7000 ---p 00000000 00:00 0 
7f13c76a7000-7f13c77a5000 rw-p 00000000 00:00 0 
7f13c77a5000-7f13c77f7000 r-xp 00000000 08:02 19535985                   /usr/lib/jvm/java-7-openjdk-amd64/jre/lib/amd64/libfontmanager.so
7f13c77f7000-7f13c79f6000 ---p 00052000 08:02 19535985                   /usr/lib/jvm/java-7-openjdk-amd64/jre/lib/amd64/libfontmanager.so
7f13c79f6000-7f13c79f9000 r--p 00051000 08:02 19535985                   /usr/lib/jvm/java-7-openjdk-amd64/jre/lib/amd64/libfontmanager.so
7f13c79f9000-7f13c79fa000 rw-p 00054000 08:02 19535985                   /usr/lib/jvm/java-7-openjdk-amd64/jre/lib/amd64/libfontmanager.so
7f13c79fa000-7f13c79fd000 ---p 00000000 00:00 0 
7f13c79fd000-7f13c7afb000 rw-p 00000000 00:00 0 
7f13c7afb000-7f13c7afe000 ---p 00000000 00:00 0 
7f13c7afe000-7f13c7bfc000 rw-p 00000000 00:00 0 
7f13c7bfc000-7f13c7bff000 ---p 00000000 00:00 0 
7f13c7bff000-7f13c7cfd000 rw-p 00000000 00:00 0 
7f13c7cfd000-7f13c7d00000 ---p 00000000 00:00 0 
7f13c7d00000-7f13c7dfe000 rw-p 00000000 00:00 0                          [stack:1868]
7f13c7dfe000-7f13c7e01000 ---p 00000000 00:00 0 
7f13c7e01000-7f13c7eff000 rw-p 00000000 00:00 0                          [stack:1867]
7f13c7eff000-7f13c7f02000 ---p 00000000 00:00 0 
7f13c7f02000-7f13c8000000 rw-p 00000000 00:00 0                          [stack:1866]
7f13c8000000-7f13c8021000 rw-p 00000000 00:00 0 
7f13c8021000-7f13cc000000 ---p 00000000 00:00 0 
7f13cc000000-7f13cc021000 rw-p 00000000 00:00 0 
7f13cc021000-7f13d0000000 ---p 00000000 00:00 0 
7f13d0000000-7f13d0021000 rw-p 00000000 00:00 0 
7f13d0021000-7f13d4000000 ---p 00000000 00:00 0 
7f13d4000000-7f13d4021000 rw-p 00000000 00:00 0 
7f13d4021000-7f13d8000000 ---p 00000000 00:00 0 
7f13d8000000-7f13d8027000 rw-p 00000000 00:00 0 
7f13d8027000-7f13dc000000 ---p 00000000 00:00 0 
7f13dc000000-7f13dc021000 rw-p 00000000 00:00 0 
7f13dc021000-7f13e0000000 ---p 00000000 00:00 0 
7f13e0000000-7f13e0021000 rw-p 00000000 00:00 0 
7f13e0021000-7f13e4000000 ---p 00000000 00:00 0 
7f13e4000000-7f13e4021000 rw-p 00000000 00:00 0 
7f13e4021000-7f13e8000000 ---p 00000000 00:00 0 
7f13e8000000-7f13e8023000 rw-p 00000000 00:00 0 
7f13e8023000-7f13ec000000 ---p 00000000 00:00 0 
7f13ec000000-7f13ec021000 rw-p 00000000 00:00 0 
7f13ec021000-7f13f0000000 ---p 00000000 00:00 0 
7f13f0000000-7f13f0021000 rw-p 00000000 00:00 0 
7f13f0021000-7f13f4000000 ---p 00000000 00:00 0 
7f13f4000000-7f13f4021000 rw-p 00000000 00:00 0 
7f13f4021000-7f13f8000000 ---p 00000000 00:00 0 
7f13f8000000-7f13f8973000 rw-p 00000000 00:00 0 
7f13f8973000-7f13fc000000 ---p 00000000 00:00 0 
7f13fc000000-7f13fc021000 rw-p 00000000 00:00 0 
7f13fc021000-7f1400000000 ---p 00000000 00:00 0 
7f1400000000-7f1400021000 rw-p 00000000 00:00 0 
7f1400021000-7f1404000000 ---p 00000000 00:00 0 
7f1404000000-7f1404ae6000 rw-p 00000000 00:00 0 
7f1404ae6000-7f1408000000 ---p 00000000 00:00 0 
7f1408000000-7f1408021000 rw-p 00000000 00:00 0 
7f1408021000-7f140c000000 ---p 00000000 00:00 0 
7f140c000000-7f140c021000 rw-p 00000000 00:00 0 
7f140c021000-7f1410000000 ---p 00000000 00:00 0 
7f1410000000-7f1410021000 rw-p 00000000 00:00 0 
7f1410021000-7f1414000000 ---p 00000000 00:00 0 
7f1414000000-7f1414003000 r--s 00000000 08:02 17311401                   /var/cache/fontconfig/e49e89034d371f0f9de17aab02136486-le64.cache-4
7f1414003000-7f1414005000 r--s 00000000 08:02 17311400                   /var/cache/fontconfig/4b14b093aebc79c320de5e86ae1d3314-le64.cache-4
7f1414005000-7f1414006000 r--s 00000000 08:02 17311399                   /var/cache/fontconfig/8aec10f4cc8391dcef22ca549f1e4354-le64.cache-4
7f1414006000-7f1414019000 r--s 00000000 08:02 17301722                   /var/cache/fontconfig/d52a8644073d54c13679302ca1180695-le64.cache-4
7f1414019000-7f141401a000 r--s 00000000 08:02 17311398                   /var/cache/fontconfig/8a687c406b77f27d99abfeeba937fcce-le64.cache-4
7f141401a000-7f1414023000 r--s 00000000 08:02 17301702                   /var/cache/fontconfig/3f7329c5293ffd510edef78f73874cfd-le64.cache-4
7f1414023000-7f1414024000 r--s 00000000 08:02 17311397                   /var/cache/fontconfig/ac2cf712d852da827a87a9baf682f5b9-le64.cache-4
7f1414024000-7f1414026000 r--s 00000000 08:02 17311396                   /var/cache/fontconfig/65f976e5259cbe6dc7697b8648396239-le64.cache-4
7f1414026000-7f1414031000 r--s 00000000 08:02 17311395                   /var/cache/fontconfig/d589a48862398ed80a3d6066f4f56f4c-le64.cache-4
7f1414031000-7f1414032000 r--s 00000000 08:02 17311394                   /var/cache/fontconfig/94f7fe9bd33aadfac165873bd010d595-le64.cache-4
7f1414032000-7f1414034000 r--s 00000000 08:02 17311393                   /var/cache/fontconfig/423767150eb258c59035de29db6fca84-le64.cache-4
7f1414034000-7f1414035000 r--s 00000000 08:02 17311392                   /var/cache/fontconfig/845c20fd2c4814bcec78e05d37a63ccc-le64.cache-4
7f1414035000-7f1414036000 r--s 00000000 08:02 17311391                   /var/cache/fontconfig/e7de81b01590fb7e12b38e274e17d0db-le64.cache-4
7f1414036000-7f1414037000 r--s 00000000 08:02 17311390                   /var/cache/fontconfig/406a1d2d2bf3ed7664fbadefac0b2f66-le64.cache-4
7f1414037000-7f1414039000 r--s 00000000 08:02 17311389                   /var/cache/fontconfig/67709b7835c0f764c1135060c9575660-le64.cache-4
7f1414039000-7f1414043000 r--s 00000000 08:02 17311388                   /var/cache/fontconfig/198d8fcf01c96d0cf813f74fd759bdb7-le64.cache-4
7f1414043000-7f141404e000 r--s 00000000 08:02 17311386                   /var/cache/fontconfig/83bf95040141907cd45bb53cf7c1c148-le64.cache-4
7f141404e000-7f1414055000 r--s 00000000 08:02 17311383                   /var/cache/fontconfig/53d14c92082a93e67d5078324eb314ca-le64.cache-4
7f1414055000-7f1414059000 r--s 00000000 08:02 17311382                   /var/cache/fontconfig/6c08beecf0dac481ec92e759e0c2e6d7-le64.cache-4
7f1414059000-7f141405d000 r--s 00000000 08:02 17311381                   /var/cache/fontconfig/4d6aee6d44eccb37054d3216e945f618-le64.cache-4
7f141405d000-7f1414061000 r--s 00000000 08:02 17311380                   /var/cache/fontconfig/d6c6df98c3df5faf9bd0f8ef4d91efe5-le64.cache-4
7f1414061000-7f1414065000 r--s 00000000 08:02 17311379                   /var/cache/fontconfig/9fb319ef52839f11ee26ab8b4cffa12b-le64.cache-4
7f1414065000-7f1414078000 r--s 00000000 08:02 17311378                   /var/cache/fontconfig/4ac51e5cfbc76fc3f983e470323a16d3-le64.cache-4
7f1414078000-7f141408f000 r--s 00000000 08:02 17311373                   /var/cache/fontconfig/e13b20fdb08344e0e664864cc2ede53d-le64.cache-4
7f141408f000-7f141409c000 r--s 00000000 08:02 17306637                   /var/cache/fontconfig/8f02d4cb045bd6ce15663e43f347c9f8-le64.cache-4
7f141409c000-7f14140ba000 r--s 00000000 08:02 17306651                   /var/cache/fontconfig/467c019e582ee353435ea5c21d137ef6-le64.cache-4
7f14140ba000-7f14140bd000 ---p 00000000 00:00 0 
7f14140bd000-7f14141bb000 rw-p 00000000 00:00 0                          [stack:1865]
7f14141bb000-7f14141be000 ---p 00000000 00:00 0 
7f14141be000-7f14142bc000 rw-p 00000000 00:00 0                          [stack:1864]
7f14142bc000-7f14142bf000 ---p 00000000 00:00 0 
7f14142bf000-7f14143bd000 rw-p 00000000 00:00 0                          [stack:1863]
7f14143bd000-7f14143c0000 ---p 00000000 00:00 0 
7f14143c0000-7f14144be000 rw-p 00000000 00:00 0                          [stack:1862]
7f14144be000-7f14144c1000 ---p 00000000 00:00 0 
7f14144c1000-7f14145bf000 rw-p 00000000 00:00 0                          [stack:1861]
7f14145bf000-7f14145c2000 ---p 00000000 00:00 0 
7f14145c2000-7f14146c0000 rw-p 00000000 00:00 0                          [stack:1860]
7f14146c0000-7f14146c5000 r-xp 00000000 08:02 19539316                   /usr/lib/x86_64-linux-gnu/libXfixes.so.3.1.0
7f14146c5000-7f14148c4000 ---p 00005000 08:02 19539316                   /usr/lib/x86_64-linux-gnu/libXfixes.so.3.1.0
7f14148c4000-7f14148c5000 r--p 00004000 08:02 19539316                   /usr/lib/x86_64-linux-gnu/libXfixes.so.3.1.0
7f14148c5000-7f14148c6000 rw-p 00005000 08:02 19539316                   /usr/lib/x86_64-linux-gnu/libXfixes.so.3.1.0
7f14148c6000-7f14148cf000 r-xp 00000000 08:02 19537441                   /usr/lib/x86_64-linux-gnu/libXcursor.so.1.0.2
7f14148cf000-7f1414ace000 ---p 00009000 08:02 19537441                   /usr/lib/x86_64-linux-gnu/libXcursor.so.1.0.2
7f1414ace000-7f1414acf000 r--p 00008000 08:02 19537441                   /usr/lib/x86_64-linux-gnu/libXcursor.so.1.0.2
7f1414acf000-7f1414ad0000 rw-p 00009000 08:02 19537441                   /usr/lib/x86_64-linux-gnu/libXcursor.so.1.0.2
7f1414ad0000-7f1414ad4000 r-xp 00000000 08:02 6295503                    /lib/x86_64-linux-gnu/libgpg-error.so.0.10.0
7f1414ad4000-7f1414cd3000 ---p 00004000 08:02 6295503                    /lib/x86_64-linux-gnu/libgpg-error.so.0.10.0
7f1414cd3000-7f1414cd4000 r--p 00003000 08:02 6295503                    /lib/x86_64-linux-gnu/libgpg-error.so.0.10.0
7f1414cd4000-7f1414cd5000 rw-p 00004000 08:02 6295503                    /lib/x86_64-linux-gnu/libgpg-error.so.0.10.0
7f1414cd5000-7f1414cd7000 r-xp 00000000 08:02 6295513                    /lib/x86_64-linux-gnu/libkeyutils.so.1.4
7f1414cd7000-7f1414ed7000 ---p 00002000 08:02 6295513                    /lib/x86_64-linux-gnu/libkeyutils.so.1.4
7f1414ed7000-7f1414ed8000 r--p 00002000 08:02 6295513                    /lib/x86_64-linux-gnu/libkeyutils.so.1.4
7f1414ed8000-7f1414ed9000 rw-p 00003000 08:02 6295513                    /lib/x86_64-linux-gnu/libkeyutils.so.1.4
7f1414ed9000-7f1414efe000 r-xp 00000000 08:02 6295585                    /lib/x86_64-linux-gnu/libpng12.so.0.50.0
7f1414efe000-7f14150fd000 ---p 00025000 08:02 6295585                    /lib/x86_64-linux-gnu/libpng12.so.0.50.0
7f14150fd000-7f14150fe000 r--p 00024000 08:02 6295585                    /lib/x86_64-linux-gnu/libpng12.so.0.50.0
7f14150fe000-7f14150ff000 rw-p 00025000 08:02 6295585                    /lib/x86_64-linux-gnu/libpng12.so.0.50.0
7f14150ff000-7f1415143000 r-xp 00000000 08:02 6295484                    /lib/x86_64-linux-gnu/libdbus-1.so.3.7.6
7f1415143000-7f1415342000 ---p 00044000 08:02 6295484                    /lib/x86_64-linux-gnu/libdbus-1.so.3.7.6
7f1415342000-7f1415343000 r--p 00043000 08:02 6295484                    /lib/x86_64-linux-gnu/libdbus-1.so.3.7.6
7f1415343000-7f1415344000 rw-p 00044000 08:02 6295484                    /lib/x86_64-linux-gnu/libdbus-1.so.3.7.6
7f1415344000-7f141537f000 r-xp 00000000 08:02 19538161                   /usr/lib/x86_64-linux-gnu/libp11-kit.so.0.0.0
7f141537f000-7f141557e000 ---p 0003b000 08:02 19538161                   /usr/lib/x86_64-linux-gnu/libp11-kit.so.0.0.0
7f141557e000-7f1415584000 r--p 0003a000 08:02 19538161                   /usr/lib/x86_64-linux-gnu/libp11-kit.so.0.0.0
7f1415584000-7f1415586000 rw-p 00040000 08:02 19538161                   /usr/lib/x86_64-linux-gnu/libp11-kit.so.0.0.0
7f1415586000-7f1415598000 r-xp 00000000 08:02 19529868                   /usr/lib/x86_64-linux-gnu/libtasn1.so.6.2.0
7f1415598000-7f1415798000 ---p 00012000 08:02 19529868                   /usr/lib/x86_64-linux-gnu/libtasn1.so.6.2.0
7f1415798000-7f1415799000 r--p 00012000 08:02 19529868                   /usr/lib/x86_64-linux-gnu/libtasn1.so.6.2.0
7f1415799000-7f141579a000 rw-p 00013000 08:02 19529868                   /usr/lib/x86_64-linux-gnu/libtasn1.so.6.2.0
7f141579a000-7f1415816000 r-xp 00000000 08:02 6295477                    /lib/x86_64-linux-gnu/libgcrypt.so.11.8.2
7f1415816000-7f1415a16000 ---p 0007c000 08:02 6295477                    /lib/x86_64-linux-gnu/libgcrypt.so.11.8.2
7f1415a16000-7f1415a17000 r--p 0007c000 08:02 6295477                    /lib/x86_64-linux-gnu/libgcrypt.so.11.8.2
7f1415a17000-7f1415a1a000 rw-p 0007d000 08:02 6295477                    /lib/x86_64-linux-gnu/libgcrypt.so.11.8.2
7f1415a1a000-7f1415a24000 r-xp 00000000 08:02 19538044                   /usr/lib/x86_64-linux-gnu/libkrb5support.so.0.1
7f1415a24000-7f1415c23000 ---p 0000a000 08:02 19538044                   /usr/lib/x86_64-linux-gnu/libkrb5support.so.0.1
7f1415c23000-7f1415c24000 r--p 00009000 08:02 19538044                   /usr/lib/x86_64-linux-gnu/libkrb5support.so.0.1
7f1415c24000-7f1415c25000 rw-p 0000a000 08:02 19538044                   /usr/lib/x86_64-linux-gnu/libkrb5support.so.0.1
7f1415c25000-7f1415c28000 r-xp 00000000 08:02 6295450                    /lib/x86_64-linux-gnu/libcom_err.so.2.1
7f1415c28000-7f1415e27000 ---p 00003000 08:02 6295450                    /lib/x86_64-linux-gnu/libcom_err.so.2.1
7f1415e27000-7f1415e28000 r--p 00002000 08:02 6295450                    /lib/x86_64-linux-gnu/libcom_err.so.2.1
7f1415e28000-7f1415e29000 rw-p 00003000 08:02 6295450                    /lib/x86_64-linux-gnu/libcom_err.so.2.1
7f1415e29000-7f1415e55000 r-xp 00000000 08:02 19538038                   /usr/lib/x86_64-linux-gnu/libk5crypto.so.3.1
7f1415e55000-7f1416054000 ---p 0002c000 08:02 19538038                   /usr/lib/x86_64-linux-gnu/libk5crypto.so.3.1
7f1416054000-7f1416056000 r--p 0002b000 08:02 19538038                   /usr/lib/x86_64-linux-gnu/libk5crypto.so.3.1
7f1416056000-7f1416057000 rw-p 0002d000 08:02 19538038                   /usr/lib/x86_64-linux-gnu/libk5crypto.so.3.1
7f1416057000-7f1416058000 rw-p 00000000 00:00 0 
7f1416058000-7f1416114000 r-xp 00000000 08:02 19538042                   /usr/lib/x86_64-linux-gnu/libkrb5.so.3.3
7f1416114000-7f1416314000 ---p 000bc000 08:02 19538042                   /usr/lib/x86_64-linux-gnu/libkrb5.so.3.3
7f1416314000-7f1416321000 r--p 000bc000 08:02 19538042                   /usr/lib/x86_64-linux-gnu/libkrb5.so.3.3
7f1416321000-7f1416323000 rw-p 000c9000 08:02 19538042                   /usr/lib/x86_64-linux-gnu/libkrb5.so.3.3
7f1416323000-7f1416328000 r-xp 00000000 08:02 19537445                   /usr/lib/x86_64-linux-gnu/libXdmcp.so.6.0.0
7f1416328000-7f1416527000 ---p 00005000 08:02 19537445                   /usr/lib/x86_64-linux-gnu/libXdmcp.so.6.0.0
7f1416527000-7f1416528000 r--p 00004000 08:02 19537445                   /usr/lib/x86_64-linux-gnu/libXdmcp.so.6.0.0
7f1416528000-7f1416529000 rw-p 00005000 08:02 19537445                   /usr/lib/x86_64-linux-gnu/libXdmcp.so.6.0.0
7f1416529000-7f141652b000 r-xp 00000000 08:02 19537434                   /usr/lib/x86_64-linux-gnu/libXau.so.6.0.0
7f141652b000-7f141672b000 ---p 00002000 08:02 19537434                   /usr/lib/x86_64-linux-gnu/libXau.so.6.0.0
7f141672b000-7f141672c000 r--p 00002000 08:02 19537434                   /usr/lib/x86_64-linux-gnu/libXau.so.6.0.0
7f141672c000-7f141672d000 rw-p 00003000 08:02 19537434                   /usr/lib/x86_64-linux-gnu/libXau.so.6.0.0
7f141672d000-7f1416754000 r-xp 00000000 08:02 6295492                    /lib/x86_64-linux-gnu/libexpat.so.1.6.0
7f1416754000-7f1416954000 ---p 00027000 08:02 6295492                    /lib/x86_64-linux-gnu/libexpat.so.1.6.0
7f1416954000-7f1416956000 r--p 00027000 08:02 6295492                    /lib/x86_64-linux-gnu/libexpat.so.1.6.0
7f1416956000-7f1416957000 rw-p 00029000 08:02 6295492                    /lib/x86_64-linux-gnu/libexpat.so.1.6.0
7f1416957000-7f14169f4000 r-xp 00000000 08:02 19530653                   /usr/lib/x86_64-linux-gnu/libfreetype.so.6.11.1
7f14169f4000-7f1416bf3000 ---p 0009d000 08:02 19530653                   /usr/lib/x86_64-linux-gnu/libfreetype.so.6.11.1
7f1416bf3000-7f1416bf9000 r--p 0009c000 08:02 19530653                   /usr/lib/x86_64-linux-gnu/libfreetype.so.6.11.1
7f1416bf9000-7f1416bfa000 rw-p 000a2000 08:02 19530653                   /usr/lib/x86_64-linux-gnu/libfreetype.so.6.11.1
7f1416bfa000-7f1416c09000 r-xp 00000000 08:02 19537538                   /usr/lib/x86_64-linux-gnu/libavahi-client.so.3.2.9
7f1416c09000-7f1416e09000 ---p 0000f000 08:02 19537538                   /usr/lib/x86_64-linux-gnu/libavahi-client.so.3.2.9
7f1416e09000-7f1416e0a000 r--p 0000f000 08:02 19537538                   /usr/lib/x86_64-linux-gnu/libavahi-client.so.3.2.9
7f1416e0a000-7f1416e0b000 rw-p 00010000 08:02 19537538                   /usr/lib/x86_64-linux-gnu/libavahi-client.so.3.2.9
7f1416e0b000-7f1416e16000 r-xp 00000000 08:02 19537540                   /usr/lib/x86_64-linux-gnu/libavahi-common.so.3.5.3
7f1416e16000-7f1417015000 ---p 0000b000 08:02 19537540                   /usr/lib/x86_64-linux-gnu/libavahi-common.so.3.5.3
7f1417015000-7f1417016000 r--p 0000a000 08:02 19537540                   /usr/lib/x86_64-linux-gnu/libavahi-common.so.3.5.3
7f1417016000-7f1417017000 rw-p 0000b000 08:02 19537540                   /usr/lib/x86_64-linux-gnu/libavahi-common.so.3.5.3
7f1417017000-7f14170cd000 r-xp 00000000 08:02 19531756                   /usr/lib/x86_64-linux-gnu/libgnutls.so.26.22.6
7f14170cd000-7f14172cd000 ---p 000b6000 08:02 19531756                   /usr/lib/x86_64-linux-gnu/libgnutls.so.26.22.6
7f14172cd000-7f14172d3000 r--p 000b6000 08:02 19531756                   /usr/lib/x86_64-linux-gnu/libgnutls.so.26.22.6
7f14172d3000-7f14172d4000 rw-p 000bc000 08:02 19531756                   /usr/lib/x86_64-linux-gnu/libgnutls.so.26.22.6
7f14172d4000-7f14172d5000 rw-p 00000000 00:00 0 
7f14172d5000-7f1417318000 r-xp 00000000 08:02 19537872                   /usr/lib/x86_64-linux-gnu/libgssapi_krb5.so.2.2
7f1417318000-7f1417518000 ---p 00043000 08:02 19537872                   /usr/lib/x86_64-linux-gnu/libgssapi_krb5.so.2.2
7f1417518000-7f1417519000 r--p 00043000 08:02 19537872                   /usr/lib/x86_64-linux-gnu/libgssapi_krb5.so.2.2
7f1417519000-7f141751b000 rw-p 00044000 08:02 19537872                   /usr/lib/x86_64-linux-gnu/libgssapi_krb5.so.2.2
7f141751b000-7f1417538000 r-xp 00000000 08:02 19538502                   /usr/lib/x86_64-linux-gnu/libxcb.so.1.1.0
7f1417538000-7f1417738000 ---p 0001d000 08:02 19538502                   /usr/lib/x86_64-linux-gnu/libxcb.so.1.1.0
7f1417738000-7f1417739000 r--p 0001d000 08:02 19538502                   /usr/lib/x86_64-linux-gnu/libxcb.so.1.1.0
7f1417739000-7f141773a000 rw-p 0001e000 08:02 19538502                   /usr/lib/x86_64-linux-gnu/libxcb.so.1.1.0
7f141773a000-7f1417774000 r-xp 00000000 08:02 19537730                   /usr/lib/x86_64-linux-gnu/libfontconfig.so.1.8.0
7f1417774000-7f1417973000 ---p 0003a000 08:02 19537730                   /usr/lib/x86_64-linux-gnu/libfontconfig.so.1.8.0
7f1417973000-7f1417975000 r--p 00039000 08:02 19537730                   /usr/lib/x86_64-linux-gnu/libfontconfig.so.1.8.0
7f1417975000-7f1417976000 rw-p 0003b000 08:02 19537730                   /usr/lib/x86_64-linux-gnu/libfontconfig.so.1.8.0
7f1417976000-7f14179e2000 r-xp 00000000 08:02 19529850                   /usr/lib/x86_64-linux-gnu/libcups.so.2
7f14179e2000-7f1417be2000 ---p 0006c000 08:02 19529850                   /usr/lib/x86_64-linux-gnu/libcups.so.2
7f1417be2000-7f1417be9000 r--p 0006c000 08:02 19529850                   /usr/lib/x86_64-linux-gnu/libcups.so.2
7f1417be9000-7f1417bea000 rw-p 00073000 08:02 19529850                   /usr/lib/x86_64-linux-gnu/libcups.so.2
7f1417bea000-7f1417bf9000 r-xp 00000000 08:02 19539311                   /usr/lib/x86_64-linux-gnu/libXi.so.6.1.0
7f1417bf9000-7f1417df8000 ---p 0000f000 08:02 19539311                   /usr/lib/x86_64-linux-gnu/libXi.so.6.1.0
7f1417df8000-7f1417df9000 r--p 0000e000 08:02 19539311                   /usr/lib/x86_64-linux-gnu/libXi.so.6.1.0
7f1417df9000-7f1417dfa000 rw-p 0000f000 08:02 19539311                   /usr/lib/x86_64-linux-gnu/libXi.so.6.1.0
7f1417dfa000-7f1417dff000 r-xp 00000000 08:02 19537475                   /usr/lib/x86_64-linux-gnu/libXtst.so.6.1.0
7f1417dff000-7f1417ffe000 ---p 00005000 08:02 19537475                   /usr/lib/x86_64-linux-gnu/libXtst.so.6.1.0
7f1417ffe000-7f1417fff000 r--p 00004000 08:02 19537475                   /usr/lib/x86_64-linux-gnu/libXtst.so.6.1.0
7f1417fff000-7f1418000000 rw-p 00005000 08:02 19537475                   /usr/lib/x86_64-linux-gnu/libXtst.so.6.1.0
7f1418000000-7f1418021000 rw-p 00000000 00:00 0 
7f1418021000-7f141c000000 ---p 00000000 00:00 0 
7f141c000000-7f141c059000 rw-p 00000000 00:00 0 
7f141c059000-7f1420000000 ---p 00000000 00:00 0 
7f1420000000-7f1420021000 rw-p 00000000 00:00 0 
7f1420021000-7f1424000000 ---p 00000000 00:00 0 
7f1424000000-7f1424002000 r--s 00000000 08:02 17311385                   /var/cache/fontconfig/6e6b34ae150a7ad95e82fb4a522f0bda-le64.cache-4
7f1424002000-7f1424005000 r--s 00000000 08:02 17311377                   /var/cache/fontconfig/c19b55eb3b4c5b40ea175e31682068a5-le64.cache-4
7f14240c7000-7f14240ca000 ---p 00000000 00:00 0 
7f14240ca000-7f14241c8000 rw-p 00000000 00:00 0                          [stack:1859]
7f14241c8000-7f14241d1000 r-xp 00000000 08:02 19537448                   /usr/lib/x86_64-linux-gnu/libXrender.so.1.3.0
7f14241d1000-7f14243d0000 ---p 00009000 08:02 19537448                   /usr/lib/x86_64-linux-gnu/libXrender.so.1.3.0
7f14243d0000-7f14243d1000 r--p 00008000 08:02 19537448                   /usr/lib/x86_64-linux-gnu/libXrender.so.1.3.0
7f14243d1000-7f14243d2000 rw-p 00009000 08:02 19537448                   /usr/lib/x86_64-linux-gnu/libXrender.so.1.3.0
7f14243d2000-7f1424502000 r-xp 00000000 08:02 19537430                   /usr/lib/x86_64-linux-gnu/libX11.so.6.3.0
7f1424502000-7f1424702000 ---p 00130000 08:02 19537430                   /usr/lib/x86_64-linux-gnu/libX11.so.6.3.0
7f1424702000-7f1424703000 r--p 00130000 08:02 19537430                   /usr/lib/x86_64-linux-gnu/libX11.so.6.3.0
7f1424703000-7f1424707000 rw-p 00131000 08:02 19537430                   /usr/lib/x86_64-linux-gnu/libX11.so.6.3.0
7f1424707000-7f1424718000 r-xp 00000000 08:02 19537675                   /usr/lib/x86_64-linux-gnu/libXext.so.6.4.0
7f1424718000-7f1424917000 ---p 00011000 08:02 19537675                   /usr/lib/x86_64-linux-gnu/libXext.so.6.4.0
7f1424917000-7f1424918000 r--p 00010000 08:02 19537675                   /usr/lib/x86_64-linux-gnu/libXext.so.6.4.0
7f1424918000-7f1424919000 rw-p 00011000 08:02 19537675                   /usr/lib/x86_64-linux-gnu/libXext.so.6.4.0
7f1424919000-7f1424961000 r-xp 00000000 08:02 19536105                   /usr/lib/jvm/java-7-openjdk-amd64/jre/lib/amd64/xawt/libmawt.so
7f1424961000-7f1424b60000 ---p 00048000 08:02 19536105                   /usr/lib/jvm/java-7-openjdk-amd64/jre/lib/amd64/xawt/libmawt.so
7f1424b60000-7f1424b61000 r--p 00047000 08:02 19536105                   /usr/lib/jvm/java-7-openjdk-amd64/jre/lib/amd64/xawt/libmawt.so
7f1424b61000-7f1424b64000 rw-p 00048000 08:02 19536105                   /usr/lib/jvm/java-7-openjdk-amd64/jre/lib/amd64/xawt/libmawt.so
7f1424b64000-7f1424b65000 rw-p 00000000 00:00 0 
7f1424b65000-7f1424c05000 r-xp 00000000 08:02 19535967                   /usr/lib/jvm/java-7-openjdk-amd64/jre/lib/amd64/libawt.so
7f1424c05000-7f1424e05000 ---p 000a0000 08:02 19535967                   /usr/lib/jvm/java-7-openjdk-amd64/jre/lib/amd64/libawt.so
7f1424e05000-7f1424e06000 r--p 000a0000 08:02 19535967                   /usr/lib/jvm/java-7-openjdk-amd64/jre/lib/amd64/libawt.so
7f1424e06000-7f1424e11000 rw-p 000a1000 08:02 19535967                   /usr/lib/jvm/java-7-openjdk-amd64/jre/lib/amd64/libawt.so
7f1424e11000-7f1424e36000 rw-p 00000000 00:00 0 
7f1424e36000-7f1424e39000 ---p 00000000 00:00 0 
7f1424e39000-7f1424f37000 rw-p 00000000 00:00 0                          [stack:1858]
7f1424f37000-7f1424f3a000 ---p 00000000 00:00 0 
7f1424f3a000-7f1425038000 rw-p 00000000 00:00 0                          [stack:1857]
7f1425038000-7f142503b000 ---p 00000000 00:00 0 
7f142503b000-7f1425139000 rw-p 00000000 00:00 0                          [stack:1856]
7f1425139000-7f142513c000 ---p 00000000 00:00 0 
7f142513c000-7f142523a000 rw-p 00000000 00:00 0                          [stack:1855]
7f142523a000-7f142524a000 r-xp 00000000 08:02 19535983                   /usr/lib/jvm/java-7-openjdk-amd64/jre/lib/amd64/libnio.so
7f142524a000-7f142544a000 ---p 00010000 08:02 19535983                   /usr/lib/jvm/java-7-openjdk-amd64/jre/lib/amd64/libnio.so
7f142544a000-7f142544b000 r--p 00010000 08:02 19535983                   /usr/lib/jvm/java-7-openjdk-amd64/jre/lib/amd64/libnio.so
7f142544b000-7f142544c000 rw-p 00011000 08:02 19535983                   /usr/lib/jvm/java-7-openjdk-amd64/jre/lib/amd64/libnio.so
7f142544c000-7f1425489000 r-xp 00000000 08:02 6295573                    /lib/x86_64-linux-gnu/libpcre.so.3.13.1
7f1425489000-7f1425688000 ---p 0003d000 08:02 6295573                    /lib/x86_64-linux-gnu/libpcre.so.3.13.1
7f1425688000-7f1425689000 r--p 0003c000 08:02 6295573                    /lib/x86_64-linux-gnu/libpcre.so.3.13.1
7f1425689000-7f142568a000 rw-p 0003d000 08:02 6295573                    /lib/x86_64-linux-gnu/libpcre.so.3.13.1
7f142568a000-7f1425691000 r-xp 00000000 08:02 19537716                   /usr/lib/x86_64-linux-gnu/libffi.so.6.0.1
7f1425691000-7f1425890000 ---p 00007000 08:02 19537716                   /usr/lib/x86_64-linux-gnu/libffi.so.6.0.1
7f1425890000-7f1425891000 r--p 00006000 08:02 19537716                   /usr/lib/x86_64-linux-gnu/libffi.so.6.0.1
7f1425891000-7f1425892000 rw-p 00007000 08:02 19537716                   /usr/lib/x86_64-linux-gnu/libffi.so.6.0.1
7f1425892000-7f14258a9000 r-xp 00000000 08:02 6291553                    /lib/x86_64-linux-gnu/libresolv-2.19.so
7f14258a9000-7f1425aa9000 ---p 00017000 08:02 6291553                    /lib/x86_64-linux-gnu/libresolv-2.19.so
7f1425aa9000-7f1425aaa000 r--p 00017000 08:02 6291553                    /lib/x86_64-linux-gnu/libresolv-2.19.so
7f1425aaa000-7f1425aab000 rw-p 00018000 08:02 6291553                    /lib/x86_64-linux-gnu/libresolv-2.19.so
7f1425aab000-7f1425aad000 rw-p 00000000 00:00 0 
7f1425aad000-7f1425acd000 r-xp 00000000 08:02 6295600                    /lib/x86_64-linux-gnu/libselinux.so.1
7f1425acd000-7f1425ccc000 ---p 00020000 08:02 6295600                    /lib/x86_64-linux-gnu/libselinux.so.1
7f1425ccc000-7f1425ccd000 r--p 0001f000 08:02 6295600                    /lib/x86_64-linux-gnu/libselinux.so.1
7f1425ccd000-7f1425cce000 rw-p 00020000 08:02 6295600                    /lib/x86_64-linux-gnu/libselinux.so.1
7f1425cce000-7f1428000000 rw-p 00000000 00:00 0 
7f1428000000-7f1428021000 rw-p 00000000 00:00 0 
7f1428021000-7f142c000000 ---p 00000000 00:00 0 
7f142c000000-7f142c001000 r--s 00000000 08:02 17301694                   /var/cache/fontconfig/0c9eb80ebd1c36541ebe2852d3bb0c49-le64.cache-4
7f142c001000-7f142c006000 r--s 00000000 08:02 17306642                   /var/cache/fontconfig/7ef2298fde41cc6eeb7af42e48b7d293-le64.cache-4
7f142c015000-7f142c018000 r-xp 00000000 08:02 19537829                   /usr/lib/x86_64-linux-gnu/libgmodule-2.0.so.0.4002.0
7f142c018000-7f142c217000 ---p 00003000 08:02 19537829                   /usr/lib/x86_64-linux-gnu/libgmodule-2.0.so.0.4002.0
7f142c217000-7f142c218000 r--p 00002000 08:02 19537829                   /usr/lib/x86_64-linux-gnu/libgmodule-2.0.so.0.4002.0
7f142c218000-7f142c219000 rw-p 00003000 08:02 19537829                   /usr/lib/x86_64-linux-gnu/libgmodule-2.0.so.0.4002.0
7f142c219000-7f142c31f000 r-xp 00000000 08:02 6295501                    /lib/x86_64-linux-gnu/libglib-2.0.so.0.4002.0
7f142c31f000-7f142c51e000 ---p 00106000 08:02 6295501                    /lib/x86_64-linux-gnu/libglib-2.0.so.0.4002.0
7f142c51e000-7f142c51f000 r--p 00105000 08:02 6295501                    /lib/x86_64-linux-gnu/libglib-2.0.so.0.4002.0
7f142c51f000-7f142c520000 rw-p 00106000 08:02 6295501                    /lib/x86_64-linux-gnu/libglib-2.0.so.0.4002.0
7f142c520000-7f142c521000 rw-p 00000000 00:00 0 
7f142c521000-7f142c570000 r-xp 00000000 08:02 19537845                   /usr/lib/x86_64-linux-gnu/libgobject-2.0.so.0.4002.0
7f142c570000-7f142c770000 ---p 0004f000 08:02 19537845                   /usr/lib/x86_64-linux-gnu/libgobject-2.0.so.0.4002.0
7f142c770000-7f142c771000 r--p 0004f000 08:02 19537845                   /usr/lib/x86_64-linux-gnu/libgobject-2.0.so.0.4002.0
7f142c771000-7f142c772000 rw-p 00050000 08:02 19537845                   /usr/lib/x86_64-linux-gnu/libgobject-2.0.so.0.4002.0
7f142c772000-7f142c8de000 r-xp 00000000 08:02 19537817                   /usr/lib/x86_64-linux-gnu/libgio-2.0.so.0.4002.0
7f142c8de000-7f142cadd000 ---p 0016c000 08:02 19537817                   /usr/lib/x86_64-linux-gnu/libgio-2.0.so.0.4002.0
7f142cadd000-7f142cae1000 r--p 0016b000 08:02 19537817                   /usr/lib/x86_64-linux-gnu/libgio-2.0.so.0.4002.0
7f142cae1000-7f142cae3000 rw-p 0016f000 08:02 19537817                   /usr/lib/x86_64-linux-gnu/libgio-2.0.so.0.4002.0
7f142cae3000-7f142cae5000 rw-p 00000000 00:00 0 
7f142cae5000-7f142cafc000 r-xp 00000000 08:02 19535997                   /usr/lib/jvm/java-7-openjdk-amd64/jre/lib/amd64/libnet.so
7f142cafc000-7f142ccfb000 ---p 00017000 08:02 19535997                   /usr/lib/jvm/java-7-openjdk-amd64/jre/lib/amd64/libnet.so
7f142ccfb000-7f142ccfc000 r--p 00016000 08:02 19535997                   /usr/lib/jvm/java-7-openjdk-amd64/jre/lib/amd64/libnet.so
7f142ccfc000-7f142ccfd000 rw-p 00017000 08:02 19535997                   /usr/lib/jvm/java-7-openjdk-amd64/jre/lib/amd64/libnet.so
7f142ccfd000-7f142ccfe000 ---p 00000000 00:00 0 
7f142ccfe000-7f142cdfe000 rw-p 00000000 00:00 0                          [stack:1853]
7f142cdfe000-7f142ce01000 ---p 00000000 00:00 0 
7f142ce01000-7f142ceff000 rw-p 00000000 00:00 0                          [stack:1852]
7f142ceff000-7f142cf02000 ---p 00000000 00:00 0 
7f142cf02000-7f142d000000 rw-p 00000000 00:00 0                          [stack:1851]
7f142d000000-7f142d270000 rwxp 00000000 00:00 0 
7f142d270000-7f143030f000 rw-p 00000000 00:00 0 
7f143030f000-7f1434000000 ---p 00000000 00:00 0 
7f1434000000-7f1434003000 r--s 00000000 08:02 17311375                   /var/cache/fontconfig/de83a0a961185c8bd1f159015d56c039-le64.cache-4
7f1434003000-7f1434005000 r--s 00000000 08:02 17306638                   /var/cache/fontconfig/16326683038b281783a0ef8c680e3a10-le64.cache-4
7f1434077000-7f14340a8000 rw-p 00000000 00:00 0 
7f14340a8000-7f14340a9000 r--s 00000000 08:02 17311384                   /var/cache/fontconfig/3334a778d104e76d188e9df399bc24d2-le64.cache-4
7f14340af000-7f14340b3000 rw-s 00000000 00:04 24313880                   /SYSV00000000 (deleted)
7f14340b3000-7f14340bd000 r--s 000ae000 08:02 19535963                   /usr/lib/jvm/java-7-openjdk-amd64/jre/lib/resources.jar
7f14340bd000-7f14340c2000 r--s 00032000 08:02 3153406                    /home/gagos/jade/lib/jadeExamples.jar
7f14340c2000-7f14340ed000 r--s 00273000 08:02 3153409                    /home/gagos/jade/lib/jade.jar
7f14340ed000-7f14340f0000 ---p 00000000 00:00 0 
7f14340f0000-7f14341ee000 rw-p 00000000 00:00 0                          [stack:1850]
7f14341ee000-7f14341f1000 ---p 00000000 00:00 0 
7f14341f1000-7f14342ef000 rw-p 00000000 00:00 0                          [stack:1849]
7f14342ef000-7f14349d2000 r--p 00000000 08:02 19536473                   /usr/lib/locale/locale-archive
7f14349d2000-7f14349d5000 ---p 00000000 00:00 0 
7f14349d5000-7f1434ad3000 rw-p 00000000 00:00 0                          [stack:1848]
7f1434ad3000-7f1434ad6000 ---p 00000000 00:00 0 
7f1434ad6000-7f1434bd4000 rw-p 00000000 00:00 0                          [stack:1847]
7f1434bd4000-7f1434bd5000 ---p 00000000 00:00 0 
7f1434bd5000-7f1435cd2000 rw-p 00000000 00:00 0                          [stack:1846]
7f1435cd2000-7f1435e83000 r--s 01d27000 08:02 19536004                   /usr/lib/jvm/java-7-openjdk-amd64/jre/lib/rt.jar
7f1435e83000-7f14361af000 rw-p 00000000 00:00 0 
7f14361af000-7f14361b0000 ---p 00000000 00:00 0 
7f14361b0000-7f14362b0000 rw-p 00000000 00:00 0                          [stack:1845]
7f14362b0000-7f14362b1000 ---p 00000000 00:00 0 
7f14362b1000-7f14363b1000 rw-p 00000000 00:00 0                          [stack:1844]
7f14363b1000-7f14363b2000 ---p 00000000 00:00 0 
7f14363b2000-7f14364b2000 rw-p 00000000 00:00 0                          [stack:1843]
7f14364b2000-7f14364b3000 ---p 00000000 00:00 0 
7f14364b3000-7f14365be000 rw-p 00000000 00:00 0                          [stack:1842]
7f14365be000-7f1436606000 rw-p 00000000 00:00 0 
7f1436606000-7f143661a000 rw-p 00000000 00:00 0 
7f143661a000-7f1436746000 rw-p 00000000 00:00 0 
7f1436746000-7f1436751000 rw-p 00000000 00:00 0 
7f1436751000-7f1436799000 rw-p 00000000 00:00 0 
7f1436799000-7f14367ad000 rw-p 00000000 00:00 0 
7f14367ad000-7f14368d9000 rw-p 00000000 00:00 0 
7f14368d9000-7f14368eb000 rw-p 00000000 00:00 0 
7f14368eb000-7f1436979000 rw-p 00000000 00:00 0 
7f1436979000-7f143697a000 rw-p 00000000 00:00 0 
7f143697a000-7f1436982000 r-xp 00000000 08:02 19535979                   /usr/lib/jvm/java-7-openjdk-amd64/jre/lib/amd64/libzip.so
7f1436982000-7f1436b81000 ---p 00008000 08:02 19535979                   /usr/lib/jvm/java-7-openjdk-amd64/jre/lib/amd64/libzip.so
7f1436b81000-7f1436b82000 r--p 00007000 08:02 19535979                   /usr/lib/jvm/java-7-openjdk-amd64/jre/lib/amd64/libzip.so
7f1436b82000-7f1436b83000 rw-p 00008000 08:02 19535979                   /usr/lib/jvm/java-7-openjdk-amd64/jre/lib/amd64/libzip.so
7f1436b83000-7f1436b8e000 r-xp 00000000 08:02 6291555                    /lib/x86_64-linux-gnu/libnss_files-2.19.so
7f1436b8e000-7f1436d8d000 ---p 0000b000 08:02 6291555                    /lib/x86_64-linux-gnu/libnss_files-2.19.so
7f1436d8d000-7f1436d8e000 r--p 0000a000 08:02 6291555                    /lib/x86_64-linux-gnu/libnss_files-2.19.so
7f1436d8e000-7f1436d8f000 rw-p 0000b000 08:02 6291555                    /lib/x86_64-linux-gnu/libnss_files-2.19.so
7f1436d8f000-7f1436d9a000 r-xp 00000000 08:02 6295485                    /lib/x86_64-linux-gnu/libnss_nis-2.19.so
7f1436d9a000-7f1436f99000 ---p 0000b000 08:02 6295485                    /lib/x86_64-linux-gnu/libnss_nis-2.19.so
7f1436f99000-7f1436f9a000 r--p 0000a000 08:02 6295485                    /lib/x86_64-linux-gnu/libnss_nis-2.19.so
7f1436f9a000-7f1436f9b000 rw-p 0000b000 08:02 6295485                    /lib/x86_64-linux-gnu/libnss_nis-2.19.so
7f1436f9b000-7f1436fb2000 r-xp 00000000 08:02 6295408                    /lib/x86_64-linux-gnu/libnsl-2.19.so
7f1436fb2000-7f14371b1000 ---p 00017000 08:02 6295408                    /lib/x86_64-linux-gnu/libnsl-2.19.so
7f14371b1000-7f14371b2000 r--p 00016000 08:02 6295408                    /lib/x86_64-linux-gnu/libnsl-2.19.so
7f14371b2000-7f14371b3000 rw-p 00017000 08:02 6295408                    /lib/x86_64-linux-gnu/libnsl-2.19.so
7f14371b3000-7f14371b5000 rw-p 00000000 00:00 0 
7f14371b5000-7f14371be000 r-xp 00000000 08:02 6295407                    /lib/x86_64-linux-gnu/libnss_compat-2.19.so
7f14371be000-7f14373bd000 ---p 00009000 08:02 6295407                    /lib/x86_64-linux-gnu/libnss_compat-2.19.so
7f14373bd000-7f14373be000 r--p 00008000 08:02 6295407                    /lib/x86_64-linux-gnu/libnss_compat-2.19.so
7f14373be000-7f14373bf000 rw-p 00009000 08:02 6295407                    /lib/x86_64-linux-gnu/libnss_compat-2.19.so
7f14373bf000-7f14373ea000 r-xp 00000000 08:02 19535996                   /usr/lib/jvm/java-7-openjdk-amd64/jre/lib/amd64/libjava.so
7f14373ea000-7f14375ea000 ---p 0002b000 08:02 19535996                   /usr/lib/jvm/java-7-openjdk-amd64/jre/lib/amd64/libjava.so
7f14375ea000-7f14375eb000 r--p 0002b000 08:02 19535996                   /usr/lib/jvm/java-7-openjdk-amd64/jre/lib/amd64/libjava.so
7f14375eb000-7f14375ed000 rw-p 0002c000 08:02 19535996                   /usr/lib/jvm/java-7-openjdk-amd64/jre/lib/amd64/libjava.so
7f14375ed000-7f14375fd000 r-xp 00000000 08:02 19535993                   /usr/lib/jvm/java-7-openjdk-amd64/jre/lib/amd64/libverify.so
7f14375fd000-7f14377fc000 ---p 00010000 08:02 19535993                   /usr/lib/jvm/java-7-openjdk-amd64/jre/lib/amd64/libverify.so
7f14377fc000-7f14377fe000 r--p 0000f000 08:02 19535993                   /usr/lib/jvm/java-7-openjdk-amd64/jre/lib/amd64/libverify.so
7f14377fe000-7f14377ff000 rw-p 00011000 08:02 19535993                   /usr/lib/jvm/java-7-openjdk-amd64/jre/lib/amd64/libverify.so
7f14377ff000-7f1437806000 r-xp 00000000 08:02 6295439                    /lib/x86_64-linux-gnu/librt-2.19.so
7f1437806000-7f1437a05000 ---p 00007000 08:02 6295439                    /lib/x86_64-linux-gnu/librt-2.19.so
7f1437a05000-7f1437a06000 r--p 00006000 08:02 6295439                    /lib/x86_64-linux-gnu/librt-2.19.so
7f1437a06000-7f1437a07000 rw-p 00007000 08:02 6295439                    /lib/x86_64-linux-gnu/librt-2.19.so
7f1437a07000-7f1437a1d000 r-xp 00000000 08:02 6295497                    /lib/x86_64-linux-gnu/libgcc_s.so.1
7f1437a1d000-7f1437c1c000 ---p 00016000 08:02 6295497                    /lib/x86_64-linux-gnu/libgcc_s.so.1
7f1437c1c000-7f1437c1d000 rw-p 00015000 08:02 6295497                    /lib/x86_64-linux-gnu/libgcc_s.so.1
7f1437c1d000-7f1437d22000 r-xp 00000000 08:02 6291554                    /lib/x86_64-linux-gnu/libm-2.19.so
7f1437d22000-7f1437f21000 ---p 00105000 08:02 6291554                    /lib/x86_64-linux-gnu/libm-2.19.so
7f1437f21000-7f1437f22000 r--p 00104000 08:02 6291554                    /lib/x86_64-linux-gnu/libm-2.19.so
7f1437f22000-7f1437f23000 rw-p 00105000 08:02 6291554                    /lib/x86_64-linux-gnu/libm-2.19.so
7f1437f23000-7f1438009000 r-xp 00000000 08:02 19538338                   /usr/lib/x86_64-linux-gnu/libstdc++.so.6.0.19
7f1438009000-7f1438208000 ---p 000e6000 08:02 19538338                   /usr/lib/x86_64-linux-gnu/libstdc++.so.6.0.19
7f1438208000-7f1438210000 r--p 000e5000 08:02 19538338                   /usr/lib/x86_64-linux-gnu/libstdc++.so.6.0.19
7f1438210000-7f1438212000 rw-p 000ed000 08:02 19538338                   /usr/lib/x86_64-linux-gnu/libstdc++.so.6.0.19
7f1438212000-7f1438227000 rw-p 00000000 00:00 0 
7f1438227000-7f1438d3f000 r-xp 00000000 08:02 19536002                   /usr/lib/jvm/java-7-openjdk-amd64/jre/lib/amd64/server/libjvm.so
7f1438d3f000-7f1438f3f000 ---p 00b18000 08:02 19536002                   /usr/lib/jvm/java-7-openjdk-amd64/jre/lib/amd64/server/libjvm.so
7f1438f3f000-7f1438fd9000 r--p 00b18000 08:02 19536002                   /usr/lib/jvm/java-7-openjdk-amd64/jre/lib/amd64/server/libjvm.so
7f1438fd9000-7f1438ffc000 rw-p 00bb2000 08:02 19536002                   /usr/lib/jvm/java-7-openjdk-amd64/jre/lib/amd64/server/libjvm.so
7f1438ffc000-7f143902a000 rw-p 00000000 00:00 0 
7f143902a000-7f1439042000 r-xp 00000000 08:02 6295633                    /lib/x86_64-linux-gnu/libz.so.1.2.8
7f1439042000-7f1439241000 ---p 00018000 08:02 6295633                    /lib/x86_64-linux-gnu/libz.so.1.2.8
7f1439241000-7f1439242000 r--p 00017000 08:02 6295633                    /lib/x86_64-linux-gnu/libz.so.1.2.8
7f1439242000-7f1439243000 rw-p 00018000 08:02 6295633                    /lib/x86_64-linux-gnu/libz.so.1.2.8
7f1439243000-7f143925c000 r-xp 00000000 08:02 6295434                    /lib/x86_64-linux-gnu/libpthread-2.19.so
7f143925c000-7f143945b000 ---p 00019000 08:02 6295434                    /lib/x86_64-linux-gnu/libpthread-2.19.so
7f143945b000-7f143945c000 r--p 00018000 08:02 6295434                    /lib/x86_64-linux-gnu/libpthread-2.19.so
7f143945c000-7f143945d000 rw-p 00019000 08:02 6295434                    /lib/x86_64-linux-gnu/libpthread-2.19.so
7f143945d000-7f1439461000 rw-p 00000000 00:00 0 
7f1439461000-7f1439464000 r-xp 00000000 08:02 6291558                    /lib/x86_64-linux-gnu/libdl-2.19.so
7f1439464000-7f1439663000 ---p 00003000 08:02 6291558                    /lib/x86_64-linux-gnu/libdl-2.19.so
7f1439663000-7f1439664000 r--p 00002000 08:02 6291558                    /lib/x86_64-linux-gnu/libdl-2.19.so
7f1439664000-7f1439665000 rw-p 00003000 08:02 6291558                    /lib/x86_64-linux-gnu/libdl-2.19.so
7f1439665000-7f1439820000 r-xp 00000000 08:02 6295430                    /lib/x86_64-linux-gnu/libc-2.19.so
7f1439820000-7f1439a1f000 ---p 001bb000 08:02 6295430                    /lib/x86_64-linux-gnu/libc-2.19.so
7f1439a1f000-7f1439a23000 r--p 001ba000 08:02 6295430                    /lib/x86_64-linux-gnu/libc-2.19.so
7f1439a23000-7f1439a25000 rw-p 001be000 08:02 6295430                    /lib/x86_64-linux-gnu/libc-2.19.so
7f1439a25000-7f1439a2a000 rw-p 00000000 00:00 0 
7f1439a2a000-7f1439a37000 r-xp 00000000 08:02 19535971                   /usr/lib/jvm/java-7-openjdk-amd64/jre/lib/amd64/jli/libjli.so
7f1439a37000-7f1439c36000 ---p 0000d000 08:02 19535971                   /usr/lib/jvm/java-7-openjdk-amd64/jre/lib/amd64/jli/libjli.so
7f1439c36000-7f1439c37000 r--p 0000c000 08:02 19535971                   /usr/lib/jvm/java-7-openjdk-amd64/jre/lib/amd64/jli/libjli.so
7f1439c37000-7f1439c38000 rw-p 0000d000 08:02 19535971                   /usr/lib/jvm/java-7-openjdk-amd64/jre/lib/amd64/jli/libjli.so
7f1439c38000-7f1439c5b000 r-xp 00000000 08:02 6295411                    /lib/x86_64-linux-gnu/ld-2.19.so
7f1439c5b000-7f1439c5c000 r--s 00000000 08:02 17311376                   /var/cache/fontconfig/c277e94e32b20404286a1ddafa5a80f0-le64.cache-4
7f1439c5c000-7f1439c5d000 r--s 00000000 08:02 17306636                   /var/cache/fontconfig/e0aa53bcfa504e64f87823c16bc01eb6-le64.cache-4
7f1439c5d000-7f1439c5f000 r--s 0000a000 08:02 3803592                    /home/gagos/jade/lib/commons-codec/commons-codec-1.3.jar
7f1439c5f000-7f1439c62000 r--s 00086000 08:02 19536011                   /usr/lib/jvm/java-7-openjdk-amd64/jre/lib/ext/localedata.jar
7f1439c62000-7f1439c82000 rw-p 00000000 00:00 0 
7f1439c82000-7f1439d38000 rw-p 00000000 00:00 0 
7f1439d38000-7f1439d3b000 ---p 00000000 00:00 0 
7f1439d3b000-7f1439e3e000 rw-p 00000000 00:00 0                          [stack:1841]
7f1439e3e000-7f1439e40000 r--s 00012000 08:02 19536013                   /usr/lib/jvm/java-7-openjdk-amd64/jre/lib/ext/zipfs.jar
7f1439e40000-7f1439e44000 r--s 00034000 08:02 19536012                   /usr/lib/jvm/java-7-openjdk-amd64/jre/lib/ext/sunjce_provider.jar
7f1439e44000-7f1439e46000 r--s 00006000 08:02 19924663                   /usr/share/java/java-atk-wrapper.jar
7f1439e46000-7f1439e47000 r--s 00002000 08:02 19536009                   /usr/lib/jvm/java-7-openjdk-amd64/jre/lib/ext/dnsns.jar
7f1439e47000-7f1439e4b000 r--s 0003c000 08:02 19536010                   /usr/lib/jvm/java-7-openjdk-amd64/jre/lib/ext/sunpkcs11.jar
7f1439e4b000-7f1439e4e000 r--s 0000f000 08:02 19536008                   /usr/lib/jvm/java-7-openjdk-amd64/jre/lib/ext/icedtea-sound.jar
7f1439e4e000-7f1439e56000 rw-s 00000000 08:02 4718602                    /tmp/hsperfdata_gagos/1836
7f1439e56000-7f1439e57000 rw-p 00000000 00:00 0 
7f1439e57000-7f1439e58000 r--p 00000000 00:00 0 
7f1439e58000-7f1439e5a000 rw-p 00000000 00:00 0 
7f1439e5a000-7f1439e5b000 r--p 00022000 08:02 6295411                    /lib/x86_64-linux-gnu/ld-2.19.so
7f1439e5b000-7f1439e5c000 rw-p 00023000 08:02 6295411                    /lib/x86_64-linux-gnu/ld-2.19.so
7f1439e5c000-7f1439e5d000 rw-p 00000000 00:00 0 
7ffde63d5000-7ffde63f6000 rw-p 00000000 00:00 0                          [stack]
7ffde63f7000-7ffde63f9000 r-xp 00000000 00:00 0                          [vdso]
7ffde63f9000-7ffde63fb000 r--p 00000000 00:00 0                          [vvar]
ffffffffff600000-ffffffffff601000 r-xp 00000000 00:00 0                  [vsyscall]

VM Arguments:
jvm_args: -Dfile.encoding=UTF-8 
java_command: jade.Boot -gui -local-host 127.0.0.1 -local-port 8282 firstSeller:BookSellerAgent
Launcher Type: SUN_STANDARD

Environment Variables:
PATH=/usr/local/sbin:/usr/local/bin:/usr/sbin:/usr/bin:/sbin:/bin:/usr/games:/usr/local/games
SHELL=/bin/bash
DISPLAY=:0.0

Signal Handlers:
SIGSEGV: [libjvm.so+0x94b9a0], sa_mask[0]=0x7ffbfeff, sa_flags=0x10000004
SIGBUS: [libjvm.so+0x94b9a0], sa_mask[0]=0x7ffbfeff, sa_flags=0x10000004
SIGFPE: [libjvm.so+0x7c3880], sa_mask[0]=0x7ffbfeff, sa_flags=0x10000004
SIGPIPE: [libjvm.so+0x7c3880], sa_mask[0]=0x7ffbfeff, sa_flags=0x10000004
SIGXFSZ: [libjvm.so+0x7c3880], sa_mask[0]=0x7ffbfeff, sa_flags=0x10000004
SIGILL: [libjvm.so+0x7c3880], sa_mask[0]=0x7ffbfeff, sa_flags=0x10000004
SIGUSR1: SIG_DFL, sa_mask[0]=0x00000000, sa_flags=0x00000000
SIGUSR2: [libjvm.so+0x7c3720], sa_mask[0]=0x00000004, sa_flags=0x10000004
SIGHUP: [libjvm.so+0x7c3900], sa_mask[0]=0x7ffbfeff, sa_flags=0x10000004
SIGINT: [libjvm.so+0x7c3900], sa_mask[0]=0x7ffbfeff, sa_flags=0x10000004
SIGTERM: [libjvm.so+0x7c3900], sa_mask[0]=0x7ffbfeff, sa_flags=0x10000004
SIGQUIT: [libjvm.so+0x7c3900], sa_mask[0]=0x7ffbfeff, sa_flags=0x10000004
SIGTRAP: SIG_DFL, sa_mask[0]=0x00000000, sa_flags=0x00000000


---------------  S Y S T E M  ---------------

OS:Ubuntu 14.04 (trusty)
uname:Linux 3.16.0-38-generic #52~14.04.1-Ubuntu SMP Fri May 8 09:43:57 UTC 2015 x86_64
libc:glibc 2.19 NPTL 2.19 
rlimit: STACK 8192k, CORE 0k, NPROC 15181, NOFILE 4096, AS infinity
load average:2,97 1,21 0,60

/proc/meminfo:
MemTotal:        3930952 kB
MemFree:         2305280 kB
MemAvailable:    2956644 kB
Buffers:           59776 kB
Cached:           770228 kB
SwapCached:        34152 kB
Active:           904704 kB
Inactive:         500760 kB
Active(anon):     503616 kB
Inactive(anon):   125404 kB
Active(file):     401088 kB
Inactive(file):   375356 kB
Unevictable:          48 kB
Mlocked:              48 kB
SwapTotal:       4076540 kB
SwapFree:        3788448 kB
Dirty:               592 kB
Writeback:             0 kB
AnonPages:        564872 kB
Mapped:           152000 kB
Shmem:             53252 kB
Slab:             126572 kB
SReclaimable:      87728 kB
SUnreclaim:        38844 kB
KernelStack:        6896 kB
PageTables:        23280 kB
NFS_Unstable:          0 kB
Bounce:                0 kB
WritebackTmp:          0 kB
CommitLimit:     6042016 kB
Committed_AS:    4668460 kB
VmallocTotal:   34359738367 kB
VmallocUsed:      405332 kB
VmallocChunk:   34359297608 kB
HardwareCorrupted:     0 kB
AnonHugePages:    137216 kB
HugePages_Total:       0
HugePages_Free:        0
HugePages_Rsvd:        0
HugePages_Surp:        0
Hugepagesize:       2048 kB
DirectMap4k:      108500 kB
DirectMap2M:     3969024 kB


CPU:total 4 (2 cores per cpu, 2 threads per core) family 6 model 58 stepping 9, cmov, cx8, fxsr, mmx, sse, sse2, sse3, ssse3, sse4.1, sse4.2, popcnt, avx, aes, erms, ht, tsc, tscinvbit, tscinv

/proc/cpuinfo:
processor	: 0
vendor_id	: GenuineIntel
cpu family	: 6
model		: 58
model name	: Intel(R) Core(TM) i7-3517U CPU @ 1.90GHz
stepping	: 9
microcode	: 0x15
cpu MHz		: 807.375
cache size	: 4096 KB
physical id	: 0
siblings	: 4
core id		: 0
cpu cores	: 2
apicid		: 0
initial apicid	: 0
fpu		: yes
fpu_exception	: yes
cpuid level	: 13
wp		: yes
flags		: fpu vme de pse tsc msr pae mce cx8 apic sep mtrr pge mca cmov pat pse36 clflush dts acpi mmx fxsr sse sse2 ss ht tm pbe syscall nx rdtscp lm constant_tsc arch_perfmon pebs bts rep_good nopl xtopology nonstop_tsc aperfmperf eagerfpu pni pclmulqdq dtes64 monitor ds_cpl vmx est tm2 ssse3 cx16 xtpr pdcm pcid sse4_1 sse4_2 x2apic popcnt tsc_deadline_timer aes xsave avx f16c rdrand lahf_lm ida arat epb xsaveopt pln pts dtherm tpr_shadow vnmi flexpriority ept vpid fsgsbase smep erms
bogomips	: 4788.96
clflush size	: 64
cache_alignment	: 64
address sizes	: 36 bits physical, 48 bits virtual
power management:

processor	: 1
vendor_id	: GenuineIntel
cpu family	: 6
model		: 58
model name	: Intel(R) Core(TM) i7-3517U CPU @ 1.90GHz
stepping	: 9
microcode	: 0x15
cpu MHz		: 881.531
cache size	: 4096 KB
physical id	: 0
siblings	: 4
core id		: 1
cpu cores	: 2
apicid		: 2
initial apicid	: 2
fpu		: yes
fpu_exception	: yes
cpuid level	: 13
wp		: yes
flags		: fpu vme de pse tsc msr pae mce cx8 apic sep mtrr pge mca cmov pat pse36 clflush dts acpi mmx fxsr sse sse2 ss ht tm pbe syscall nx rdtscp lm constant_tsc arch_perfmon pebs bts rep_good nopl xtopology nonstop_tsc aperfmperf eagerfpu pni pclmulqdq dtes64 monitor ds_cpl vmx est tm2 ssse3 cx16 xtpr pdcm pcid sse4_1 sse4_2 x2apic popcnt tsc_deadline_timer aes xsave avx f16c rdrand lahf_lm ida arat epb xsaveopt pln pts dtherm tpr_shadow vnmi flexpriority ept vpid fsgsbase smep erms
bogomips	: 4788.96
clflush size	: 64
cache_alignment	: 64
address sizes	: 36 bits physical, 48 bits virtual
power management:

processor	: 2
vendor_id	: GenuineIntel
cpu family	: 6
model		: 58
model name	: Intel(R) Core(TM) i7-3517U CPU @ 1.90GHz
stepping	: 9
microcode	: 0x15
cpu MHz		: 819.656
cache size	: 4096 KB
physical id	: 0
siblings	: 4
core id		: 0
cpu cores	: 2
apicid		: 1
initial apicid	: 1
fpu		: yes
fpu_exception	: yes
cpuid level	: 13
wp		: yes
flags		: fpu vme de pse tsc msr pae mce cx8 apic sep mtrr pge mca cmov pat pse36 clflush dts acpi mmx fxsr sse sse2 ss ht tm pbe syscall nx rdtscp lm constant_tsc arch_perfmon pebs bts rep_good nopl xtopology nonstop_tsc aperfmperf eagerfpu pni pclmulqdq dtes64 monitor ds_cpl vmx est tm2 ssse3 cx16 xtpr pdcm pcid sse4_1 sse4_2 x2apic popcnt tsc_deadline_timer aes xsave avx f16c rdrand lahf_lm ida arat epb xsaveopt pln pts dtherm tpr_shadow vnmi flexpriority ept vpid fsgsbase smep erms
bogomips	: 4788.96
clflush size	: 64
cache_alignment	: 64
address sizes	: 36 bits physical, 48 bits virtual
power management:

processor	: 3
vendor_id	: GenuineIntel
cpu family	: 6
model		: 58
model name	: Intel(R) Core(TM) i7-3517U CPU @ 1.90GHz
stepping	: 9
microcode	: 0x15
cpu MHz		: 806.343
cache size	: 4096 KB
physical id	: 0
siblings	: 4
core id		: 1
cpu cores	: 2
apicid		: 3
initial apicid	: 3
fpu		: yes
fpu_exception	: yes
cpuid level	: 13
wp		: yes
flags		: fpu vme de pse tsc msr pae mce cx8 apic sep mtrr pge mca cmov pat pse36 clflush dts acpi mmx fxsr sse sse2 ss ht tm pbe syscall nx rdtscp lm constant_tsc arch_perfmon pebs bts rep_good nopl xtopology nonstop_tsc aperfmperf eagerfpu pni pclmulqdq dtes64 monitor ds_cpl vmx est tm2 ssse3 cx16 xtpr pdcm pcid sse4_1 sse4_2 x2apic popcnt tsc_deadline_timer aes xsave avx f16c rdrand lahf_lm ida arat epb xsaveopt pln pts dtherm tpr_shadow vnmi flexpriority ept vpid fsgsbase smep erms
bogomips	: 4788.96
clflush size	: 64
cache_alignment	: 64
address sizes	: 36 bits physical, 48 bits virtual
power management:



Memory: 4k page, physical 3930952k(2305280k free), swap 4076540k(3788448k free)

vm_info: OpenJDK 64-Bit Server VM (24.79-b02) for linux-amd64 JRE (1.7.0_79-b14), built on Apr 16 2015 08:21:58 by "buildd" with gcc 4.8.2

time: Mon Jun 22 16:19:55 2015
elapsed time: 18224 seconds

